Running: ora2pg -p -t SEQUENCE -o sequence.sql -b ./schema/sequences -c ./config/ora2pg.conf
[2023-08-04 08:27:58] Ora2Pg version: 24.0
[2023-08-04 08:27:58] Export type: SEQUENCE
[2023-08-04 08:27:58] Geometry export type: INTERNAL
[2023-08-04 08:27:58] ORACLE_HOME = /opt/instant_client_12_2
[2023-08-04 08:27:58] NLS_LANG = AMERICAN_AMERICA.AL32UTF8
[2023-08-04 08:27:58] NLS_NCHAR = AL32UTF8
[2023-08-04 08:27:58] Trying to connect to database: dbi:Oracle:host=172.17.0.4;sid=xe;port=1521
[2023-08-04 08:27:58] Isolation level: SET TRANSACTION ISOLATION LEVEL SERIALIZABLE
[2023-08-04 08:27:58] Force Oracle to compile schema JUROR before code extraction
[2023-08-04 08:28:05] Retrieving sequences information...
[2023-08-04 08:28:07] Add sequences definition...
Running: ora2pg -p -t SEQUENCE_VALUES -o sequence_value.sql -b ./schema/sequence_values -c ./config/ora2pg.conf
[2023-08-04 08:28:09] Ora2Pg version: 24.0
[2023-08-04 08:28:09] Export type: SEQUENCE_VALUES
[2023-08-04 08:28:09] Geometry export type: INTERNAL
[2023-08-04 08:28:09] ORACLE_HOME = /opt/instant_client_12_2
[2023-08-04 08:28:09] NLS_LANG = AMERICAN_AMERICA.AL32UTF8
[2023-08-04 08:28:09] NLS_NCHAR = AL32UTF8
[2023-08-04 08:28:09] Trying to connect to database: dbi:Oracle:host=172.17.0.4;sid=xe;port=1521
[2023-08-04 08:28:09] Isolation level: SET TRANSACTION ISOLATION LEVEL SERIALIZABLE
[2023-08-04 08:28:09] Force Oracle to compile schema JUROR before code extraction
[2023-08-04 08:28:12] Retrieving sequences information...
[2023-08-04 08:28:14] Add sequences last values...
Running: ora2pg -p -t TABLE -o table.sql -b ./schema/tables -c ./config/ora2pg.conf
[2023-08-04 08:28:15] Ora2Pg version: 24.0
[2023-08-04 08:28:15] Export type: TABLE
[2023-08-04 08:28:15] Geometry export type: INTERNAL
[2023-08-04 08:28:15] ORACLE_HOME = /opt/instant_client_12_2
[2023-08-04 08:28:15] NLS_LANG = AMERICAN_AMERICA.AL32UTF8
[2023-08-04 08:28:15] NLS_NCHAR = AL32UTF8
[2023-08-04 08:28:15] Trying to connect to database: dbi:Oracle:host=172.17.0.4;sid=xe;port=1521
[2023-08-04 08:28:15] Isolation level: SET TRANSACTION ISOLATION LEVEL SERIALIZABLE
[2023-08-04 08:28:15] Force Oracle to compile schema JUROR before code extraction
[2023-08-04 08:28:18] Looking forward functions declaration in schema JUROR.
[2023-08-04 08:28:21] Looking at package AUTO_GENERATE...
[2023-08-04 08:28:21] Looking at package copy_history...
[2023-08-04 08:28:21] Looking at package COURT_PHOENIX...
[2023-08-04 08:28:21] Looking at package get_pool_transfer_return_date...
[2023-08-04 08:28:22] Looking at package phoenix...
[2023-08-04 08:28:22] Looking at package PhoenixInterface...
[2023-08-04 08:28:22] Looking at package phoenix_checking...
[2023-08-04 08:28:22] Looking at package pkg_pwd_rules...
[2023-08-04 08:28:22] Looking at package PKG_SINGLE_POOL_TRANSFER...
[2023-08-04 08:28:22] Looking at package pool_request_transfer...
[2023-08-04 08:28:22] Looking at package POOL_TRANSFER...
[2023-08-04 08:28:22] Looking at package Reset...
[2023-08-04 08:28:37] Retrieving table information...
[2023-08-04 08:28:41] Collecting 201 tables in ALL_OBJECTS took:  4 wallclock secs ( 0.02 usr +  0.00 sys =  0.02 CPU)
[2023-08-04 08:28:50] Collecting 200 tables comments in ALL_TAB_COMMENTS took:  9 wallclock secs ( 0.02 usr +  0.00 sys =  0.02 CPU)
[2023-08-04 08:28:52] Collecting 199 tables information in ALL_TABLES took:  2 wallclock secs ( 0.03 usr +  0.00 sys =  0.03 CPU)
[2023-08-04 08:28:52] Retrieving index information...
[2023-08-04 08:29:49] Collecting 361 indexes in ALL_INDEXES took: 57 wallclock secs ( 0.06 usr +  0.00 sys =  0.06 CPU)
[2023-08-04 08:29:49] Retrieving columns information...
[2023-08-04 08:29:49] Collecting column information for table ...
[2023-08-04 08:29:49] DEBUG, 
SELECT A.COLUMN_NAME, A.DATA_TYPE, A.DATA_LENGTH, A.NULLABLE, A.DATA_DEFAULT,
    A.DATA_PRECISION, A.DATA_SCALE, A.CHAR_LENGTH, A.TABLE_NAME, A.OWNER
FROM ALL_TAB_COLUMNS A
WHERE A.TABLE_NAME NOT LIKE 'BIN$%' AND A.OWNER='JUROR'  AND (  NOT REGEXP_LIKE(UPPER(A.TABLE_NAME), ?) AND  NOT REGEXP_LIKE(UPPER(A.TABLE_NAME), ?) AND  NOT REGEXP_LIKE(UPPER(A.TABLE_NAME), ?) AND  NOT REGEXP_LIKE(UPPER(A.TABLE_NAME), ?) AND  NOT REGEXP_LIKE(UPPER(A.TABLE_NAME), ?) AND  NOT REGEXP_LIKE(UPPER(A.TABLE_NAME), ?) AND  NOT REGEXP_LIKE(UPPER(A.TABLE_NAME), ?) AND  NOT REGEXP_LIKE(UPPER(A.TABLE_NAME), ?) AND  NOT REGEXP_LIKE(UPPER(A.TABLE_NAME), ?) AND  NOT REGEXP_LIKE(UPPER(A.TABLE_NAME), ?) AND  NOT REGEXP_LIKE(UPPER(A.TABLE_NAME), ?) AND  NOT REGEXP_LIKE(UPPER(A.TABLE_NAME), ?) AND  NOT REGEXP_LIKE(UPPER(A.TABLE_NAME), ?) AND  NOT REGEXP_LIKE(UPPER(A.TABLE_NAME), ?) AND  NOT REGEXP_LIKE(UPPER(A.TABLE_NAME), ?) AND  NOT REGEXP_LIKE(UPPER(A.TABLE_NAME), ?) AND  NOT REGEXP_LIKE(UPPER(A.TABLE_NAME), ?) AND  NOT REGEXP_LIKE(UPPER(A.TABLE_NAME), ?) AND  NOT REGEXP_LIKE(UPPER(A.TABLE_NAME), ?) AND  NOT REGEXP_LIKE(UPPER(A.TABLE_NAME), ?) AND  NOT REGEXP_LIKE(UPPER(A.TABLE_NAME), ?) AND  NOT REGEXP_LIKE(UPPER(A.TABLE_NAME), ?) AND  NOT REGEXP_LIKE(UPPER(A.TABLE_NAME), ?) AND  NOT REGEXP_LIKE(UPPER(A.TABLE_NAME), ?) AND  NOT REGEXP_LIKE(UPPER(A.TABLE_NAME), ?) AND  NOT REGEXP_LIKE(UPPER(A.TABLE_NAME), ?) AND  NOT REGEXP_LIKE(UPPER(A.TABLE_NAME), ?) AND  NOT REGEXP_LIKE(UPPER(A.TABLE_NAME), ?) AND  NOT REGEXP_LIKE(UPPER(A.TABLE_NAME), ?) AND  NOT REGEXP_LIKE(UPPER(A.TABLE_NAME), ?) AND  NOT REGEXP_LIKE(UPPER(A.TABLE_NAME), ?) AND  NOT REGEXP_LIKE(UPPER(A.TABLE_NAME), ?) AND  NOT REGEXP_LIKE(UPPER(A.TABLE_NAME), ?) AND  NOT REGEXP_LIKE(UPPER(A.TABLE_NAME), ?) AND  NOT REGEXP_LIKE(UPPER(A.TABLE_NAME), ?) AND  NOT REGEXP_LIKE(UPPER(A.TABLE_NAME), ?) AND  NOT REGEXP_LIKE(UPPER(A.TABLE_NAME), ?) AND  NOT REGEXP_LIKE(UPPER(A.TABLE_NAME), ?) AND  NOT REGEXP_LIKE(UPPER(A.TABLE_NAME), ?) AND  NOT REGEXP_LIKE(UPPER(A.TABLE_NAME), ?) AND  NOT REGEXP_LIKE(UPPER(A.TABLE_NAME), ?) AND  NOT REGEXP_LIKE(UPPER(A.TABLE_NAME), ?) AND  NOT REGEXP_LIKE(UPPER(A.TABLE_NAME), ?) AND  NOT REGEXP_LIKE(UPPER(A.TABLE_NAME), ?) AND  NOT REGEXP_LIKE(UPPER(A.TABLE_NAME), ?) AND  NOT REGEXP_LIKE(UPPER(A.TABLE_NAME), ?) AND  NOT REGEXP_LIKE(UPPER(A.TABLE_NAME), ?) AND  NOT REGEXP_LIKE(UPPER(A.TABLE_NAME), ?) AND  NOT REGEXP_LIKE(UPPER(A.TABLE_NAME), ?) AND  NOT REGEXP_LIKE(UPPER(A.TABLE_NAME), ?) AND  NOT REGEXP_LIKE(UPPER(A.TABLE_NAME), ?) AND  NOT REGEXP_LIKE(UPPER(A.TABLE_NAME), ?) AND  NOT REGEXP_LIKE(UPPER(A.TABLE_NAME), ?) AND  NOT REGEXP_LIKE(UPPER(A.TABLE_NAME), ?) AND  NOT REGEXP_LIKE(UPPER(A.TABLE_NAME), ?) AND  NOT REGEXP_LIKE(UPPER(A.TABLE_NAME), ?) AND  NOT REGEXP_LIKE(UPPER(A.TABLE_NAME), ?) AND  NOT REGEXP_LIKE(UPPER(A.TABLE_NAME), ?) AND  NOT REGEXP_LIKE(UPPER(A.TABLE_NAME), ?) AND  NOT REGEXP_LIKE(UPPER(A.TABLE_NAME), ?) AND  NOT REGEXP_LIKE(UPPER(A.TABLE_NAME), ?) AND  NOT REGEXP_LIKE(UPPER(A.TABLE_NAME), ?) AND  NOT REGEXP_LIKE(UPPER(A.TABLE_NAME), ?) AND  NOT REGEXP_LIKE(UPPER(A.TABLE_NAME), ?) AND  NOT REGEXP_LIKE(UPPER(A.TABLE_NAME), ?) AND  NOT REGEXP_LIKE(UPPER(A.TABLE_NAME), ?) AND  NOT REGEXP_LIKE(UPPER(A.TABLE_NAME), ?) AND  NOT REGEXP_LIKE(UPPER(A.TABLE_NAME), ?) AND  NOT REGEXP_LIKE(UPPER(A.TABLE_NAME), ?) AND  NOT REGEXP_LIKE(UPPER(A.TABLE_NAME), ?) AND  NOT REGEXP_LIKE(UPPER(A.TABLE_NAME), ?) AND  NOT REGEXP_LIKE(UPPER(A.TABLE_NAME), ?) AND  NOT REGEXP_LIKE(UPPER(A.TABLE_NAME), ?) AND  NOT REGEXP_LIKE(UPPER(A.TABLE_NAME), ?) AND  NOT REGEXP_LIKE(UPPER(A.TABLE_NAME), ?) AND  NOT REGEXP_LIKE(UPPER(A.TABLE_NAME), ?) AND  NOT REGEXP_LIKE(UPPER(A.TABLE_NAME), ?) AND  NOT REGEXP_LIKE(UPPER(A.TABLE_NAME), ?) AND  NOT REGEXP_LIKE(UPPER(A.TABLE_NAME), ?) AND  NOT REGEXP_LIKE(UPPER(A.TABLE_NAME), ?) AND  NOT REGEXP_LIKE(UPPER(A.TABLE_NAME), ?) AND  NOT REGEXP_LIKE(UPPER(A.TABLE_NAME), ?) AND  NOT REGEXP_LIKE(UPPER(A.TABLE_NAME), ?) AND  NOT REGEXP_LIKE(UPPER(A.TABLE_NAME), ?) AND  NOT REGEXP_LIKE(UPPER(A.TABLE_NAME), ?) AND  NOT REGEXP_LIKE(UPPER(A.TABLE_NAME), ?) AND  NOT REGEXP_LIKE(UPPER(A.TABLE_NAME), ?) AND  NOT REGEXP_LIKE(UPPER(A.TABLE_NAME), ?) AND  NOT REGEXP_LIKE(UPPER(A.TABLE_NAME), ?) AND  NOT REGEXP_LIKE(UPPER(A.TABLE_NAME), ?) AND  NOT REGEXP_LIKE(UPPER(A.TABLE_NAME), ?) AND  NOT REGEXP_LIKE(UPPER(A.TABLE_NAME), ?) AND  NOT REGEXP_LIKE(UPPER(A.TABLE_NAME), ?) AND  NOT REGEXP_LIKE(UPPER(A.TABLE_NAME), ?) AND  NOT REGEXP_LIKE(UPPER(A.TABLE_NAME), ?) AND  NOT REGEXP_LIKE(UPPER(A.TABLE_NAME), ?) AND  NOT REGEXP_LIKE(UPPER(A.TABLE_NAME), ?) AND  NOT REGEXP_LIKE(UPPER(A.TABLE_NAME), ?) AND  NOT REGEXP_LIKE(UPPER(A.TABLE_NAME), ?) AND  NOT REGEXP_LIKE(UPPER(A.TABLE_NAME), ?) AND  NOT REGEXP_LIKE(UPPER(A.TABLE_NAME), ?) AND  NOT REGEXP_LIKE(UPPER(A.TABLE_NAME), ?) AND  NOT REGEXP_LIKE(UPPER(A.TABLE_NAME), ?) AND  NOT REGEXP_LIKE(UPPER(A.TABLE_NAME), ?) AND  NOT REGEXP_LIKE(UPPER(A.TABLE_NAME), ?) AND  NOT REGEXP_LIKE(UPPER(A.TABLE_NAME), ?) AND  NOT REGEXP_LIKE(UPPER(A.TABLE_NAME), ?) AND  NOT REGEXP_LIKE(UPPER(A.TABLE_NAME), ?) AND  NOT REGEXP_LIKE(UPPER(A.TABLE_NAME), ?) AND  NOT REGEXP_LIKE(UPPER(A.TABLE_NAME), ?))
ORDER BY A.COLUMN_ID
[2023-08-04 08:29:52] Collecting 3302 columns in ALL_INDEXES took:  3 wallclock secs ( 0.61 usr +  0.10 sys =  0.71 CPU)
[2023-08-04 08:29:52] Retrieving comments information...
[2023-08-04 08:30:01] Retrieving foreign keys information...
[2023-08-04 08:30:28] Retrieving unique keys information...
[2023-08-04 08:31:14] Retrieving check constraints information...
[2023-08-04 08:31:45] [1] Scanning table ABACCUS (5 rows)...
[2023-08-04 08:31:45] [2] Scanning table ACCT_PAY_DATA (0 rows)...
[2023-08-04 08:31:46] [3] Scanning table ACCUSED (21 rows)...
[2023-08-04 08:31:46] [4] Scanning table APPEARANCES (0 rows)...
[2023-08-04 08:31:46] [5] Scanning table ARAMIS_PAYMENTS (0 rows)...
[2023-08-04 08:31:46] [6] Scanning table ATTENDANCE (0 rows)...
[2023-08-04 08:31:46] [7] Scanning table AUDIT_F_REPORT (0 rows)...
[2023-08-04 08:31:46] [8] Scanning table AUDIT_REPORT (0 rows)...
[2023-08-04 08:31:46] [9] Scanning table BIOFORM (0 rows)...
[2023-08-04 08:31:46] [10] Scanning table CERT_LETT (0 rows)...
[2023-08-04 08:31:46] [11] Scanning table CONDITION (11 rows)...
[2023-08-04 08:31:46] [12] Scanning table CONFIRM_LETT (900 rows)...
[2023-08-04 08:31:46] [13] Scanning table CONTACT_PREFERENCE (3 rows)...
[2023-08-04 08:31:46] [14] Scanning table CONTEXT_DATA (101 rows)...
[2023-08-04 08:31:46] [15] Scanning table CORONER_POOL (0 rows)...
[2023-08-04 08:31:46] [16] Scanning table CORONER_POOL_DETAIL (0 rows)...
[2023-08-04 08:31:46] [17] Scanning table COURT_CATCHMENT_AREA (158 rows)...
[2023-08-04 08:31:46] [18] Scanning table COURT_GROUP (0 rows)...
[2023-08-04 08:31:46] [19] Scanning table COURT_LOCATION (101 rows)...
[2023-08-04 08:31:46] [20] Scanning table CURRENT_TRANS (0 rows)...
[2023-08-04 08:31:46] [21] Scanning table DAILY_TRANS (0 rows)...
[2023-08-04 08:31:46] [22] Scanning table DB_VERSION (4 rows)...
[2023-08-04 08:31:46] [23] Scanning table DEFER_DBF (0 rows)...
[2023-08-04 08:31:46] [24] Scanning table DEF_DENIED (0 rows)...
[2023-08-04 08:31:46] [25] Scanning table DEF_LETT (0 rows)...
[2023-08-04 08:31:46] [26] Scanning table DISPOSAL_CONDITION (31 rows)...
[2023-08-04 08:31:46] [27] Scanning table DISPOSITION (3 rows)...
[2023-08-04 08:31:46] [28] Scanning table DISQ_LETT (0 rows)...
[2023-08-04 08:31:46] [29] Scanning table DISTRICT (0 rows)...
[2023-08-04 08:31:46] [30] Scanning table DIS_CODE (7 rows)...
[2023-08-04 08:31:46] [31] Scanning table ERROR_LOG (16 rows)...
[2023-08-04 08:31:46] [32] Scanning table EXC_CODE (20 rows)...
[2023-08-04 08:31:46] [33] Scanning table EXC_DENIED_LETT (0 rows)...
[2023-08-04 08:31:46] [34] Scanning table EXC_LETT (0 rows)...
[2023-08-04 08:31:46] [35] Scanning table EXPORT_PLACEHOLDERS (5 rows)...
[2023-08-04 08:31:46] [36] Scanning table FORMS_LIST (0 rows)...
[2023-08-04 08:31:46] [37] Scanning table FORM_ATTR (100 rows)...
[2023-08-04 08:31:46] [38] Scanning table FTA_LETT (0 rows)...
[2023-08-04 08:31:46] [39] Scanning table HOLIDAYS (0 rows)...
[2023-08-04 08:31:46] [40] Scanning table INELIGIBLE_CODE (12 rows)...
[2023-08-04 08:31:46] [41] Scanning table JUDGE (10 rows)...
[2023-08-04 08:31:46] [42] Scanning table JUROR (0 rows)...
[2023-08-04 08:31:46] [43] Scanning table JUROR_COURT_POLICE_CHECK (0 rows)...
[2023-08-04 08:31:47] [44] Scanning table JUROR_TABLES (175 rows)...
[2023-08-04 08:31:47] [45] Scanning table LOCATION (52 rows)...
[2023-08-04 08:31:47] [46] Scanning table MANUALS (0 rows)...
[2023-08-04 08:31:47] [47] Scanning table MANUALS_STATUS (3 rows)...
[2023-08-04 08:31:47] [48] Scanning table MESSAGES (1 rows)...
[2023-08-04 08:31:47] [49] Scanning table MODULE_MACHINE_XREF (294 rows)...
[2023-08-04 08:31:47] [50] Scanning table NEW_DOB (0 rows)...
[2023-08-04 08:31:47] [51] Scanning table PANEL (0 rows)...
[2023-08-04 08:31:47] [52] Scanning table PANEL_GROUP (0 rows)...
[2023-08-04 08:31:47] [53] Scanning table PART_AMENDMENTS (30 rows)...
[2023-08-04 08:31:47] [54] Scanning table PART_EXPENSES (0 rows)...
[2023-08-04 08:31:47] [55] Scanning table PART_HIST (916 rows)...
[2023-08-04 08:31:47] [56] Scanning table PASSWORD (73 rows)...
[2023-08-04 08:31:47] [57] Scanning table PEAK_USAGE (0 rows)...
[2023-08-04 08:31:47] [58] Scanning table PHOENIX_TEMP (0 rows)...
[2023-08-04 08:31:47] [59] Scanning table PHONE_LOG (18 rows)...
[2023-08-04 08:31:47] [60] Scanning table PL_XML_STATUS (19110 rows)...
[2023-08-04 08:31:47] [61] Scanning table PNC_PROXY (1 rows)...
[2023-08-04 08:31:47] [62] Scanning table POOL (909 rows)...
[2023-08-04 08:31:47] [63] Scanning table POOL_COMMENTS (0 rows)...
[2023-08-04 08:31:47] [64] Scanning table POOL_HIST (6 rows)...
[2023-08-04 08:31:47] [65] Scanning table POOL_STATS (0 rows)...
[2023-08-04 08:31:47] [66] Scanning table POOL_STATUS (12 rows)...
[2023-08-04 08:31:47] [67] Scanning table POOL_TYPE (3 rows)...
[2023-08-04 08:31:47] [68] Scanning table POSTPONE_LETT (0 rows)...
[2023-08-04 08:31:47] [69] Scanning table PRINT_FILES (900 rows)...
[2023-08-04 08:31:47] [70] Scanning table RACE_RECORDS (0 rows)...
[2023-08-04 08:31:47] [71] Scanning table RELEASE_LETT (0 rows)...
[2023-08-04 08:31:47] [72] Scanning table REQUEST_LETT (0 rows)...
[2023-08-04 08:31:47] [73] Scanning table SEATING_PLAN (65 rows)...
[2023-08-04 08:31:47] [74] Scanning table SECURITY_LEVEL (7414 rows)...
[2023-08-04 08:31:47] [75] Scanning table STATES (0 rows)...
[2023-08-04 08:31:47] [76] Scanning table STAT_STANDARDS (0 rows)...
[2023-08-04 08:31:47] [77] Scanning table SYSTEM_FILE (13 rows)...
[2023-08-04 08:31:47] [78] Scanning table SYSTEM_PARAMETER (24 rows)...
[2023-08-04 08:31:47] [79] Scanning table TRIAL (0 rows)...
[2023-08-04 08:31:47] [80] Scanning table TRIAL_CAN_REAS (2 rows)...
[2023-08-04 08:31:47] [81] Scanning table TRIAL_CHARGE_CODE (3 rows)...
[2023-08-04 08:31:47] [82] Scanning table T_DONATION (0 rows)...
[2023-08-04 08:31:47] [83] Scanning table T_HISTORY_CODE (61 rows)...
[2023-08-04 08:31:47] [84] Scanning table T_ID_CHECK (11 rows)...
[2023-08-04 08:31:47] [85] Scanning table T_JURISDICTION (11 rows)...
[2023-08-04 08:31:47] [86] Scanning table T_LOC_JURIS_TYPE (13 rows)...
[2023-08-04 08:31:47] [87] Scanning table T_MESSAGE_TEMPLATE (20 rows)...
[2023-08-04 08:31:47] [88] Scanning table T_MILEAGE (5 rows)...
[2023-08-04 08:31:47] [89] Scanning table T_OCCUPATION (7 rows)...
[2023-08-04 08:31:47] [90] Scanning table T_PHONE (4 rows)...
[2023-08-04 08:31:48] [91] Scanning table T_POLICE (9 rows)...
[2023-08-04 08:31:48] [92] Scanning table T_RACE_CODE (7 rows)...
[2023-08-04 08:31:48] [93] Scanning table T_SPECIAL (10 rows)...
[2023-08-04 08:31:48] [94] Scanning table T_TYPE (3 rows)...
[2023-08-04 08:31:48] [95] Scanning table UNDELIVR (3 rows)...
[2023-08-04 08:31:48] [96] Scanning table UNIQUE_POOL (12 rows)...
[2023-08-04 08:31:48] [97] Scanning table USER_LEVEL_MENUS (787 rows)...
[2023-08-04 08:31:48] [98] Scanning table VENIRE (0 rows)...
[2023-08-04 08:31:48] [99] Scanning table VOTERS127 (999 rows)...
[2023-08-04 08:31:48] [100] Scanning table VOTERS401 (999 rows)...
[2023-08-04 08:31:48] [101] Scanning table VOTERS402 (999 rows)...
[2023-08-04 08:31:48] [102] Scanning table VOTERS403 (999 rows)...
[2023-08-04 08:31:48] [103] Scanning table VOTERS404 (999 rows)...
[2023-08-04 08:31:48] [104] Scanning table VOTERS406 (999 rows)...
[2023-08-04 08:31:48] [105] Scanning table VOTERS407 (999 rows)...
[2023-08-04 08:31:48] [106] Scanning table VOTERS408 (999 rows)...
[2023-08-04 08:31:48] [107] Scanning table VOTERS409 (999 rows)...
[2023-08-04 08:31:48] [108] Scanning table VOTERS410 (999 rows)...
[2023-08-04 08:31:48] [109] Scanning table VOTERS411 (999 rows)...
[2023-08-04 08:31:48] [110] Scanning table VOTERS412 (999 rows)...
[2023-08-04 08:31:48] [111] Scanning table VOTERS413 (999 rows)...
[2023-08-04 08:31:48] [112] Scanning table VOTERS414 (999 rows)...
[2023-08-04 08:31:48] [113] Scanning table VOTERS415 (999 rows)...
[2023-08-04 08:31:48] [114] Scanning table VOTERS416 (999 rows)...
[2023-08-04 08:31:48] [115] Scanning table VOTERS417 (999 rows)...
[2023-08-04 08:31:48] [116] Scanning table VOTERS418 (999 rows)...
[2023-08-04 08:31:48] [117] Scanning table VOTERS419 (999 rows)...
[2023-08-04 08:31:48] [118] Scanning table VOTERS420 (999 rows)...
[2023-08-04 08:31:48] [119] Scanning table VOTERS421 (999 rows)...
[2023-08-04 08:31:48] [120] Scanning table VOTERS422 (999 rows)...
[2023-08-04 08:31:48] [121] Scanning table VOTERS423 (999 rows)...
[2023-08-04 08:31:48] [122] Scanning table VOTERS424 (999 rows)...
[2023-08-04 08:31:48] [123] Scanning table VOTERS425 (999 rows)...
[2023-08-04 08:31:48] [124] Scanning table VOTERS426 (999 rows)...
[2023-08-04 08:31:48] [125] Scanning table VOTERS427 (999 rows)...
[2023-08-04 08:31:48] [126] Scanning table VOTERS428 (999 rows)...
[2023-08-04 08:31:48] [127] Scanning table VOTERS429 (999 rows)...
[2023-08-04 08:31:48] [128] Scanning table VOTERS430 (999 rows)...
[2023-08-04 08:31:48] [129] Scanning table VOTERS431 (999 rows)...
[2023-08-04 08:31:48] [130] Scanning table VOTERS432 (999 rows)...
[2023-08-04 08:31:48] [131] Scanning table VOTERS433 (999 rows)...
[2023-08-04 08:31:48] [132] Scanning table VOTERS434 (999 rows)...
[2023-08-04 08:31:48] [133] Scanning table VOTERS435 (999 rows)...
[2023-08-04 08:31:48] [134] Scanning table VOTERS436 (999 rows)...
[2023-08-04 08:31:49] [135] Scanning table VOTERS437 (999 rows)...
[2023-08-04 08:31:49] [136] Scanning table VOTERS439 (999 rows)...
[2023-08-04 08:31:49] [137] Scanning table VOTERS440 (999 rows)...
[2023-08-04 08:31:49] [138] Scanning table VOTERS441 (999 rows)...
[2023-08-04 08:31:49] [139] Scanning table VOTERS442 (999 rows)...
[2023-08-04 08:31:49] [140] Scanning table VOTERS443 (999 rows)...
[2023-08-04 08:31:49] [141] Scanning table VOTERS444 (999 rows)...
[2023-08-04 08:31:49] [142] Scanning table VOTERS445 (999 rows)...
[2023-08-04 08:31:49] [143] Scanning table VOTERS446 (999 rows)...
[2023-08-04 08:31:49] [144] Scanning table VOTERS447 (999 rows)...
[2023-08-04 08:31:49] [145] Scanning table VOTERS448 (999 rows)...
[2023-08-04 08:31:49] [146] Scanning table VOTERS449 (999 rows)...
[2023-08-04 08:31:49] [147] Scanning table VOTERS450 (999 rows)...
[2023-08-04 08:31:49] [148] Scanning table VOTERS451 (999 rows)...
[2023-08-04 08:31:49] [149] Scanning table VOTERS452 (999 rows)...
[2023-08-04 08:31:49] [150] Scanning table VOTERS453 (999 rows)...
[2023-08-04 08:31:49] [151] Scanning table VOTERS454 (999 rows)...
[2023-08-04 08:31:49] [152] Scanning table VOTERS455 (999 rows)...
[2023-08-04 08:31:49] [153] Scanning table VOTERS456 (999 rows)...
[2023-08-04 08:31:49] [154] Scanning table VOTERS457 (999 rows)...
[2023-08-04 08:31:49] [155] Scanning table VOTERS458 (999 rows)...
[2023-08-04 08:31:49] [156] Scanning table VOTERS459 (999 rows)...
[2023-08-04 08:31:49] [157] Scanning table VOTERS460 (999 rows)...
[2023-08-04 08:31:49] [158] Scanning table VOTERS461 (999 rows)...
[2023-08-04 08:31:49] [159] Scanning table VOTERS462 (999 rows)...
[2023-08-04 08:31:49] [160] Scanning table VOTERS463 (999 rows)...
[2023-08-04 08:31:49] [161] Scanning table VOTERS464 (999 rows)...
[2023-08-04 08:31:49] [162] Scanning table VOTERS465 (999 rows)...
[2023-08-04 08:31:49] [163] Scanning table VOTERS466 (999 rows)...
[2023-08-04 08:31:49] [164] Scanning table VOTERS467 (999 rows)...
[2023-08-04 08:31:49] [165] Scanning table VOTERS468 (999 rows)...
[2023-08-04 08:31:49] [166] Scanning table VOTERS469 (999 rows)...
[2023-08-04 08:31:49] [167] Scanning table VOTERS470 (999 rows)...
[2023-08-04 08:31:49] [168] Scanning table VOTERS471 (999 rows)...
[2023-08-04 08:31:49] [169] Scanning table VOTERS472 (999 rows)...
[2023-08-04 08:31:49] [170] Scanning table VOTERS473 (999 rows)...
[2023-08-04 08:31:49] [171] Scanning table VOTERS474 (999 rows)...
[2023-08-04 08:31:49] [172] Scanning table VOTERS475 (999 rows)...
[2023-08-04 08:31:49] [173] Scanning table VOTERS476 (999 rows)...
[2023-08-04 08:31:49] [174] Scanning table VOTERS477 (999 rows)...
[2023-08-04 08:31:49] [175] Scanning table VOTERS478 (999 rows)...
[2023-08-04 08:31:49] [176] Scanning table VOTERS479 (999 rows)...
[2023-08-04 08:31:49] [177] Scanning table VOTERS480 (999 rows)...
[2023-08-04 08:31:50] [178] Scanning table VOTERS626 (999 rows)...
[2023-08-04 08:31:50] [179] Scanning table VOTERS750 (999 rows)...
[2023-08-04 08:31:50] [180] Scanning table VOTERS751 (999 rows)...
[2023-08-04 08:31:50] [181] Scanning table VOTERS754 (999 rows)...
[2023-08-04 08:31:50] [182] Scanning table VOTERS755 (999 rows)...
[2023-08-04 08:31:50] [183] Scanning table VOTERS756 (999 rows)...
[2023-08-04 08:31:50] [184] Scanning table VOTERS758 (999 rows)...
[2023-08-04 08:31:50] [185] Scanning table VOTERS761 (999 rows)...
[2023-08-04 08:31:50] [186] Scanning table VOTERS762 (999 rows)...
[2023-08-04 08:31:50] [187] Scanning table VOTERS765 (999 rows)...
[2023-08-04 08:31:50] [188] Scanning table VOTERS767 (999 rows)...
[2023-08-04 08:31:50] [189] Scanning table VOTERS768 (999 rows)...
[2023-08-04 08:31:50] [190] Scanning table VOTERS769 (999 rows)...
[2023-08-04 08:31:50] [191] Scanning table VOTERS772 (999 rows)...
[2023-08-04 08:31:50] [192] Scanning table VOTERS774 (999 rows)...
[2023-08-04 08:31:50] [193] Scanning table VOTERS794 (999 rows)...
[2023-08-04 08:31:50] [194] Scanning table VOTERS795 (999 rows)...
[2023-08-04 08:31:50] [195] Scanning table VOTERS796 (999 rows)...
[2023-08-04 08:31:50] [196] Scanning table VOTERS797 (999 rows)...
[2023-08-04 08:31:50] [197] Scanning table VOTERS798 (999 rows)...
[2023-08-04 08:31:50] [198] Scanning table VOTERS799 (999 rows)...
[2023-08-04 08:31:50] [199] Scanning table WELSH_LOCATION (10 rows)...
[2023-08-04 08:31:50] Retrieving table partitioning information...
[2023-08-04 08:32:13] Exporting tables...
[2023-08-04 08:32:13] Dumping table ABACCUS...
[2023-08-04 08:32:13] Dumping table ACCT_PAY_DATA...
[2023-08-04 08:32:13] Dumping table ACCUSED...
[2023-08-04 08:32:13] Dumping table APPEARANCES...
[2023-08-04 08:32:13] Dumping table ARAMIS_PAYMENTS...
[2023-08-04 08:32:13] Dumping table ATTENDANCE...
[2023-08-04 08:32:13] Dumping table AUDIT_F_REPORT...
[2023-08-04 08:32:13] Dumping table AUDIT_REPORT...
[2023-08-04 08:32:13] Dumping table BIOFORM...
[2023-08-04 08:32:13] Dumping table CERT_LETT...
[2023-08-04 08:32:13] Dumping table CONDITION...
[2023-08-04 08:32:13] Dumping table CONFIRM_LETT...
[2023-08-04 08:32:13] Dumping table CONTACT_PREFERENCE...
[2023-08-04 08:32:13] Dumping table CONTEXT_DATA...
[2023-08-04 08:32:13] Dumping table CORONER_POOL...
[2023-08-04 08:32:13] Dumping table CORONER_POOL_DETAIL...
[2023-08-04 08:32:13] Dumping table COURT_CATCHMENT_AREA...
[2023-08-04 08:32:13] Dumping table COURT_GROUP...
[2023-08-04 08:32:13] Dumping table COURT_LOCATION...
[2023-08-04 08:32:13] Dumping table CURRENT_TRANS...
[2023-08-04 08:32:13] Dumping table DAILY_TRANS...
[2023-08-04 08:32:13] Dumping table DB_VERSION...
[2023-08-04 08:32:13] Dumping table DEFER_DBF...
[2023-08-04 08:32:13] Dumping table DEF_DENIED...
[2023-08-04 08:32:13] Dumping table DEF_LETT...
[2023-08-04 08:32:13] Dumping table DISPOSAL_CONDITION...
[2023-08-04 08:32:13] Dumping table DISPOSITION...
[2023-08-04 08:32:13] Dumping table DISQ_LETT...
[2023-08-04 08:32:13] Dumping table DISTRICT...
[2023-08-04 08:32:13] Dumping table DIS_CODE...
[2023-08-04 08:32:13] Dumping table ERROR_LOG...
[2023-08-04 08:32:13] Dumping table EXC_CODE...
[2023-08-04 08:32:13] Dumping table EXC_DENIED_LETT...
[2023-08-04 08:32:13] Dumping table EXC_LETT...
[2023-08-04 08:32:13] Dumping table EXPORT_PLACEHOLDERS...
[2023-08-04 08:32:13] Dumping table FORMS_LIST...
[2023-08-04 08:32:13] Dumping table FORM_ATTR...
[2023-08-04 08:32:13] Dumping table FTA_LETT...
[2023-08-04 08:32:13] Dumping table HOLIDAYS...
[2023-08-04 08:32:14] Dumping table INELIGIBLE_CODE...
[2023-08-04 08:32:14] Dumping table JUDGE...
[2023-08-04 08:32:14] Dumping table JUROR...
[2023-08-04 08:32:14] Dumping table JUROR_COURT_POLICE_CHECK...
[2023-08-04 08:32:14] Dumping table JUROR_TABLES...
[2023-08-04 08:32:14] Dumping table LOCATION...
[2023-08-04 08:32:14] Dumping table MANUALS...
[2023-08-04 08:32:14] Dumping table MANUALS_STATUS...
[2023-08-04 08:32:14] Dumping table MESSAGES...
[2023-08-04 08:32:14] Dumping table MODULE_MACHINE_XREF...
[2023-08-04 08:32:14] Dumping table NEW_DOB...
[2023-08-04 08:32:14] Dumping table PANEL...
[2023-08-04 08:32:14] Dumping table PANEL_GROUP...
[2023-08-04 08:32:14] Dumping table PART_AMENDMENTS...
[2023-08-04 08:32:14] Dumping table PART_EXPENSES...
[2023-08-04 08:32:14] Dumping table PART_HIST...
[2023-08-04 08:32:14] Dumping table PASSWORD...
[2023-08-04 08:32:14] Dumping table PEAK_USAGE...
[2023-08-04 08:32:14] Dumping table PHOENIX_TEMP...
[2023-08-04 08:32:14] Dumping table PHONE_LOG...
[2023-08-04 08:32:14] Dumping table PL_XML_STATUS...
[2023-08-04 08:32:14] Dumping table PNC_PROXY...
[2023-08-04 08:32:14] Dumping table POOL...
[2023-08-04 08:32:14] Dumping table POOL_COMMENTS...
[2023-08-04 08:32:14] Dumping table POOL_HIST...
[2023-08-04 08:32:14] Dumping table POOL_STATS...
[2023-08-04 08:32:14] Dumping table POOL_STATUS...
[2023-08-04 08:32:14] Dumping table POOL_TYPE...
[2023-08-04 08:32:14] Dumping table POSTPONE_LETT...
[2023-08-04 08:32:14] Dumping table PRINT_FILES...
[2023-08-04 08:32:14] Dumping table RACE_RECORDS...
[2023-08-04 08:32:14] Dumping table RELEASE_LETT...
[2023-08-04 08:32:14] Dumping table REQUEST_LETT...
[2023-08-04 08:32:14] Dumping table SEATING_PLAN...
[2023-08-04 08:32:14] Dumping table SECURITY_LEVEL...
[2023-08-04 08:32:14] Dumping table STATES...
[2023-08-04 08:32:14] Dumping table STAT_STANDARDS...
[2023-08-04 08:32:14] Dumping table SYSTEM_FILE...
[2023-08-04 08:32:14] Dumping table SYSTEM_PARAMETER...
[2023-08-04 08:32:14] Dumping table TRIAL...
[2023-08-04 08:32:14] Dumping table TRIAL_CAN_REAS...
[2023-08-04 08:32:14] Dumping table TRIAL_CHARGE_CODE...
[2023-08-04 08:32:14] Dumping table T_DONATION...
[2023-08-04 08:32:14] Dumping table T_HISTORY_CODE...
[2023-08-04 08:32:14] Dumping table T_ID_CHECK...
[2023-08-04 08:32:14] Dumping table T_JURISDICTION...
[2023-08-04 08:32:14] Dumping table T_LOC_JURIS_TYPE...
[2023-08-04 08:32:14] Dumping table T_MESSAGE_TEMPLATE...
[2023-08-04 08:32:14] Dumping table T_MILEAGE...
[2023-08-04 08:32:14] Dumping table T_OCCUPATION...
[2023-08-04 08:32:14] Dumping table T_PHONE...
[2023-08-04 08:32:14] Dumping table T_POLICE...
[2023-08-04 08:32:14] Dumping table T_RACE_CODE...
[2023-08-04 08:32:14] Dumping table T_SPECIAL...
[2023-08-04 08:32:14] Dumping table T_TYPE...
[2023-08-04 08:32:14] Dumping table UNDELIVR...
[2023-08-04 08:32:14] Dumping table UNIQUE_POOL...
[2023-08-04 08:32:14] Dumping table USER_LEVEL_MENUS...
[2023-08-04 08:32:14] Dumping table VENIRE...
[2023-08-04 08:32:14] Dumping table VOTERS127...
[2023-08-04 08:32:14] Dumping table VOTERS401...
[2023-08-04 08:32:14] Dumping table VOTERS402...
[2023-08-04 08:32:14] Dumping table VOTERS403...
[2023-08-04 08:32:14] Dumping table VOTERS404...
[2023-08-04 08:32:14] Dumping table VOTERS406...
[2023-08-04 08:32:14] Dumping table VOTERS407...
[2023-08-04 08:32:14] Dumping table VOTERS408...
[2023-08-04 08:32:14] Dumping table VOTERS409...
[2023-08-04 08:32:14] Dumping table VOTERS410...
[2023-08-04 08:32:14] Dumping table VOTERS411...
[2023-08-04 08:32:14] Dumping table VOTERS412...
[2023-08-04 08:32:14] Dumping table VOTERS413...
[2023-08-04 08:32:14] Dumping table VOTERS414...
[2023-08-04 08:32:14] Dumping table VOTERS415...
[2023-08-04 08:32:14] Dumping table VOTERS416...
[2023-08-04 08:32:14] Dumping table VOTERS417...
[2023-08-04 08:32:14] Dumping table VOTERS418...
[2023-08-04 08:32:14] Dumping table VOTERS419...
[2023-08-04 08:32:14] Dumping table VOTERS420...
[2023-08-04 08:32:14] Dumping table VOTERS421...
[2023-08-04 08:32:14] Dumping table VOTERS422...
[2023-08-04 08:32:14] Dumping table VOTERS423...
[2023-08-04 08:32:14] Dumping table VOTERS424...
[2023-08-04 08:32:14] Dumping table VOTERS425...
[2023-08-04 08:32:14] Dumping table VOTERS426...
[2023-08-04 08:32:14] Dumping table VOTERS427...
[2023-08-04 08:32:14] Dumping table VOTERS428...
[2023-08-04 08:32:14] Dumping table VOTERS429...
[2023-08-04 08:32:14] Dumping table VOTERS430...
[2023-08-04 08:32:14] Dumping table VOTERS431...
[2023-08-04 08:32:14] Dumping table VOTERS432...
[2023-08-04 08:32:14] Dumping table VOTERS433...
[2023-08-04 08:32:14] Dumping table VOTERS434...
[2023-08-04 08:32:14] Dumping table VOTERS435...
[2023-08-04 08:32:14] Dumping table VOTERS436...
[2023-08-04 08:32:14] Dumping table VOTERS437...
[2023-08-04 08:32:14] Dumping table VOTERS439...
[2023-08-04 08:32:14] Dumping table VOTERS440...
[2023-08-04 08:32:14] Dumping table VOTERS441...
[2023-08-04 08:32:14] Dumping table VOTERS442...
[2023-08-04 08:32:14] Dumping table VOTERS443...
[2023-08-04 08:32:14] Dumping table VOTERS444...
[2023-08-04 08:32:14] Dumping table VOTERS445...
[2023-08-04 08:32:14] Dumping table VOTERS446...
[2023-08-04 08:32:14] Dumping table VOTERS447...
[2023-08-04 08:32:14] Dumping table VOTERS448...
[2023-08-04 08:32:14] Dumping table VOTERS449...
[2023-08-04 08:32:14] Dumping table VOTERS450...
[2023-08-04 08:32:14] Dumping table VOTERS451...
[2023-08-04 08:32:14] Dumping table VOTERS452...
[2023-08-04 08:32:14] Dumping table VOTERS453...
[2023-08-04 08:32:14] Dumping table VOTERS454...
[2023-08-04 08:32:14] Dumping table VOTERS455...
[2023-08-04 08:32:14] Dumping table VOTERS456...
[2023-08-04 08:32:14] Dumping table VOTERS457...
[2023-08-04 08:32:14] Dumping table VOTERS458...
[2023-08-04 08:32:14] Dumping table VOTERS459...
[2023-08-04 08:32:14] Dumping table VOTERS460...
[2023-08-04 08:32:14] Dumping table VOTERS461...
[2023-08-04 08:32:14] Dumping table VOTERS462...
[2023-08-04 08:32:14] Dumping table VOTERS463...
[2023-08-04 08:32:14] Dumping table VOTERS464...
[2023-08-04 08:32:14] Dumping table VOTERS465...
[2023-08-04 08:32:14] Dumping table VOTERS466...
[2023-08-04 08:32:14] Dumping table VOTERS467...
[2023-08-04 08:32:14] Dumping table VOTERS468...
[2023-08-04 08:32:14] Dumping table VOTERS469...
[2023-08-04 08:32:14] Dumping table VOTERS470...
[2023-08-04 08:32:14] Dumping table VOTERS471...
[2023-08-04 08:32:14] Dumping table VOTERS472...
[2023-08-04 08:32:14] Dumping table VOTERS473...
[2023-08-04 08:32:14] Dumping table VOTERS474...
[2023-08-04 08:32:14] Dumping table VOTERS475...
[2023-08-04 08:32:14] Dumping table VOTERS476...
[2023-08-04 08:32:14] Dumping table VOTERS477...
[2023-08-04 08:32:14] Dumping table VOTERS478...
[2023-08-04 08:32:14] Dumping table VOTERS479...
[2023-08-04 08:32:14] Dumping table VOTERS480...
[2023-08-04 08:32:14] Dumping table VOTERS626...
[2023-08-04 08:32:14] Dumping table VOTERS750...
[2023-08-04 08:32:14] Dumping table VOTERS751...
[2023-08-04 08:32:14] Dumping table VOTERS754...
[2023-08-04 08:32:15] Dumping table VOTERS755...
[2023-08-04 08:32:15] Dumping table VOTERS756...
[2023-08-04 08:32:15] Dumping table VOTERS758...
[2023-08-04 08:32:15] Dumping table VOTERS761...
[2023-08-04 08:32:15] Dumping table VOTERS762...
[2023-08-04 08:32:15] Dumping table VOTERS765...
[2023-08-04 08:32:15] Dumping table VOTERS767...
[2023-08-04 08:32:15] Dumping table VOTERS768...
[2023-08-04 08:32:15] Dumping table VOTERS769...
[2023-08-04 08:32:15] Dumping table VOTERS772...
[2023-08-04 08:32:15] Dumping table VOTERS774...
[2023-08-04 08:32:15] Dumping table VOTERS794...
[2023-08-04 08:32:15] Dumping table VOTERS795...
[2023-08-04 08:32:15] Dumping table VOTERS796...
[2023-08-04 08:32:15] Dumping table VOTERS797...
[2023-08-04 08:32:15] Dumping table VOTERS798...
[2023-08-04 08:32:15] Dumping table VOTERS799...
[2023-08-04 08:32:15] Dumping table WELSH_LOCATION...
[2023-08-04 08:32:15] Dumping indexes to one separate file : INDEXES_table.sql
[2023-08-04 08:32:15] Dumping RI ABACCUS...
[2023-08-04 08:32:15] Dumping RI APPEARANCES...
[2023-08-04 08:32:15] Dumping RI ATTENDANCE...
[2023-08-04 08:32:15] Dumping RI AUDIT_F_REPORT...
[2023-08-04 08:32:15] Dumping RI AUDIT_REPORT...
[2023-08-04 08:32:15] Dumping RI CORONER_POOL_DETAIL...
[2023-08-04 08:32:15] Dumping RI DEF_LETT...
[2023-08-04 08:32:15] Dumping RI DISPOSAL_CONDITION...
[2023-08-04 08:32:15] Dumping RI DISQ_LETT...
[2023-08-04 08:32:15] Dumping RI EXC_DENIED_LETT...
[2023-08-04 08:32:15] Dumping RI EXC_LETT...
[2023-08-04 08:32:15] Dumping RI JUDGE...
[2023-08-04 08:32:15] Dumping RI MANUALS...
[2023-08-04 08:32:15] Dumping RI PART_HIST...
[2023-08-04 08:32:15] Dumping RI POOL...
[2023-08-04 08:32:15] Dumping RI POOL_COMMENTS...
[2023-08-04 08:32:15] Dumping RI POOL_HIST...
[2023-08-04 08:32:15] Dumping RI TRIAL...
[2023-08-04 08:32:15] Dumping RI UNIQUE_POOL...
[2023-08-04 08:32:15] Dumping RI WELSH_LOCATION...
[2023-08-04 08:32:15] Dumping constraints to one separate file : CONSTRAINTS_table.sql
[2023-08-04 08:32:15] Dumping foreign keys to one separate file : FKEYS_table.sql
Running: ora2pg -p -t PACKAGE -o package.sql -b ./schema/packages -c ./config/ora2pg.conf
[2023-08-04 08:32:16] Ora2Pg version: 24.0
[2023-08-04 08:32:16] Export type: PACKAGE
[2023-08-04 08:32:16] Geometry export type: INTERNAL
[2023-08-04 08:32:16] ORACLE_HOME = /opt/instant_client_12_2
[2023-08-04 08:32:16] NLS_LANG = AMERICAN_AMERICA.AL32UTF8
[2023-08-04 08:32:16] NLS_NCHAR = AL32UTF8
[2023-08-04 08:32:16] Trying to connect to database: dbi:Oracle:host=172.17.0.4;sid=xe;port=1521
[2023-08-04 08:32:16] Isolation level: SET TRANSACTION ISOLATION LEVEL SERIALIZABLE
[2023-08-04 08:32:16] Force Oracle to compile schema JUROR before code extraction
[2023-08-04 08:32:19] Looking forward functions declaration in schema JUROR.
[2023-08-04 08:32:23] Looking at package AUTO_GENERATE...
[2023-08-04 08:32:23] Looking at package copy_history...
[2023-08-04 08:32:23] Looking at package COURT_PHOENIX...
[2023-08-04 08:32:23] Looking at package get_pool_transfer_return_date...
[2023-08-04 08:32:23] Looking at package phoenix...
[2023-08-04 08:32:23] Looking at package PhoenixInterface...
[2023-08-04 08:32:23] Looking at package phoenix_checking...
[2023-08-04 08:32:23] Looking at package pkg_pwd_rules...
[2023-08-04 08:32:23] Looking at package PKG_SINGLE_POOL_TRANSFER...
[2023-08-04 08:32:23] Looking at package pool_request_transfer...
[2023-08-04 08:32:23] Looking at package POOL_TRANSFER...
[2023-08-04 08:32:23] Looking at package Reset...
[2023-08-04 08:32:27] Retrieving packages information...
[2023-08-04 08:32:27] 	Found Package: AUTO_GENERATE
[2023-08-04 08:32:28] 	Found Package: PKG_SINGLE_POOL_TRANSFER
[2023-08-04 08:32:28] 	Found Package: POOL_REQUEST_TRANSFER
[2023-08-04 08:32:28] 	Found Package: GET_POOL_TRANSFER_RETURN_DATE
[2023-08-04 08:32:28] 	Found Package: PAYMENT_FILES_TO_CLOB
[2023-08-04 08:32:28] 	Found Package: PRINTFILES_TO_CLOB
[2023-08-04 08:32:28] 	Found Package: COURT_PHOENIX
[2023-08-04 08:32:28] 	Found Package: PHOENIXINTERFACE
[2023-08-04 08:32:28] 	Found Package: COPY_HISTORY
[2023-08-04 08:32:28] 	Found Package: PHOENIX
[2023-08-04 08:32:28] 	Found Package: PKG_PWD_RULES
[2023-08-04 08:32:28] 	Found Package: PKG_CRYPTO
[2023-08-04 08:32:28] 	Found Package: PHOENIX_CHECKING
[2023-08-04 08:32:28] 	Found Package: POOL_TRANSFER
[2023-08-04 08:32:28] 	Found Package: RESET
[2023-08-04 08:32:28] Add packages definition...
[2023-08-04 08:32:28] Looking global declaration in package AUTO_GENERATE...
[2023-08-04 08:32:28] Dumping package AUTO_GENERATE...
[2023-08-04 08:32:28] Creating directory package: ./schema/packages/auto_generate
[2023-08-04 08:32:28] Parsing function auto_generate.confirmation_letter...
[2023-08-04 08:32:29] 	Dumping to one file per function: ./schema/packages/auto_generate/confirmation_letter_package.sql
[2023-08-04 08:32:29] Parsing function auto_generate.withdrawal_letter...
[2023-08-04 08:32:29] 	Dumping to one file per function: ./schema/packages/auto_generate/withdrawal_letter_package.sql
[2023-08-04 08:32:29] Parsing function auto_generate.populate_abaccus...
[2023-08-04 08:32:29] 	Dumping to one file per function: ./schema/packages/auto_generate/populate_abaccus_package.sql
[2023-08-04 08:32:29] Parsing function auto_generate.populate_part_hist...
[2023-08-04 08:32:29] 	Dumping to one file per function: ./schema/packages/auto_generate/populate_part_hist_package.sql
[2023-08-04 08:32:29] Parsing function auto_generate.get_print_file_name...
[2023-08-04 08:32:29] 	Dumping to one file per function: ./schema/packages/auto_generate/get_print_file_name_package.sql
[2023-08-04 08:32:30] Parsing function auto_generate.populate_print_files...
[2023-08-04 08:32:30] 	Dumping to one file per function: ./schema/packages/auto_generate/populate_print_files_package.sql
[2023-08-04 08:32:30] Parsing function auto_generate.write_error...
[2023-08-04 08:32:30] 	Dumping to one file per function: ./schema/packages/auto_generate/write_error_package.sql
[2023-08-04 08:32:30] Looking global declaration in package copy_history...
[2023-08-04 08:32:30] Dumping package copy_history...
[2023-08-04 08:32:30] Creating directory package: ./schema/packages/copy_history
[2023-08-04 08:32:30] Parsing function copy_history.main...
[2023-08-04 08:32:30] 	Dumping to one file per function: ./schema/packages/copy_history/main_package.sql
[2023-08-04 08:32:30] Parsing function copy_history.write_error...
[2023-08-04 08:32:30] 	Dumping to one file per function: ./schema/packages/copy_history/write_error_package.sql
[2023-08-04 08:32:30] Looking global declaration in package COURT_PHOENIX...
[2023-08-04 08:32:30] Dumping package COURT_PHOENIX...
[2023-08-04 08:32:30] Creating directory package: ./schema/packages/court_phoenix
[2023-08-04 08:32:30] Parsing function court_phoenix.populate_court_checks...
[2023-08-04 08:32:30] 	Dumping to one file per function: ./schema/packages/court_phoenix/populate_court_checks_package.sql
[2023-08-04 08:32:30] Parsing function court_phoenix.jurormiddlename...
[2023-08-04 08:32:30] 	Dumping to one file per function: ./schema/packages/court_phoenix/jurormiddlename_package.sql
[2023-08-04 08:32:30] Parsing function court_phoenix.jurorcleanname...
[2023-08-04 08:32:31] 	Dumping to one file per function: ./schema/packages/court_phoenix/jurorcleanname_package.sql
[2023-08-04 08:32:31] Parsing function court_phoenix.jurorfirstname...
[2023-08-04 08:32:31] 	Dumping to one file per function: ./schema/packages/court_phoenix/jurorfirstname_package.sql
[2023-08-04 08:32:31] Parsing function court_phoenix.jurorsurname...
[2023-08-04 08:32:31] 	Dumping to one file per function: ./schema/packages/court_phoenix/jurorsurname_package.sql
[2023-08-04 08:32:31] Parsing function court_phoenix.finalise...
[2023-08-04 08:32:31] 	Dumping to one file per function: ./schema/packages/court_phoenix/finalise_package.sql
[2023-08-04 08:32:31] Parsing function court_phoenix.write_error...
[2023-08-04 08:32:31] 	Dumping to one file per function: ./schema/packages/court_phoenix/write_error_package.sql
[2023-08-04 08:32:31] Looking global declaration in package get_pool_transfer_return_date...
[2023-08-04 08:32:31] Dumping package get_pool_transfer_return_date...
[2023-08-04 08:32:31] Creating directory package: ./schema/packages/get_pool_transfer_return_date
[2023-08-04 08:32:31] Parsing function get_pool_transfer_return_date.get_return_date...
[2023-08-04 08:32:31] 	Dumping to one file per function: ./schema/packages/get_pool_transfer_return_date/get_return_date_package.sql
[2023-08-04 08:32:31] Looking global declaration in package payment_files_to_clob...
[2023-08-04 08:32:31] Dumping package payment_files_to_clob...
[2023-08-04 08:32:31] Creating directory package: ./schema/packages/payment_files_to_clob
[2023-08-04 08:32:31] Parsing function payment_files_to_clob.extract...
[2023-08-04 08:32:32] 	Dumping to one file per function: ./schema/packages/payment_files_to_clob/extract_package.sql
[2023-08-04 08:32:32] Parsing function payment_files_to_clob.write_to_clob...
[2023-08-04 08:32:32] 	Dumping to one file per function: ./schema/packages/payment_files_to_clob/write_to_clob_package.sql
[2023-08-04 08:32:32] Looking global declaration in package phoenix...
[2023-08-04 08:32:32] Dumping package phoenix...
[2023-08-04 08:32:32] Creating directory package: ./schema/packages/phoenix
[2023-08-04 08:32:32] Parsing function phoenix.police_check...
[2023-08-04 08:32:32] 	Dumping to one file per function: ./schema/packages/phoenix/police_check_package.sql
[2023-08-04 08:32:32] Parsing function phoenix.no_police_check...
[2023-08-04 08:32:32] 	Dumping to one file per function: ./schema/packages/phoenix/no_police_check_package.sql
[2023-08-04 08:32:32] Parsing function phoenix.write_error...
[2023-08-04 08:32:32] 	Dumping to one file per function: ./schema/packages/phoenix/write_error_package.sql
[2023-08-04 08:32:32] Looking global declaration in package PhoenixInterface...
[2023-08-04 08:32:32] Dumping package PhoenixInterface...
[2023-08-04 08:32:32] Creating directory package: ./schema/packages/phoenixinterface
[2023-08-04 08:32:32] Parsing function phoenixinterface.preventdups...
[2023-08-04 08:32:32] 	Dumping to one file per function: ./schema/packages/phoenixinterface/preventdups_package.sql
[2023-08-04 08:32:32] Parsing function phoenixinterface.readjurorrecords...
[2023-08-04 08:32:33] 	Dumping to one file per function: ./schema/packages/phoenixinterface/readjurorrecords_package.sql
[2023-08-04 08:32:33] Parsing function phoenixinterface.jurorfirstname...
[2023-08-04 08:32:33] 	Dumping to one file per function: ./schema/packages/phoenixinterface/jurorfirstname_package.sql
[2023-08-04 08:32:33] Parsing function phoenixinterface.jurormiddlename...
[2023-08-04 08:32:33] 	Dumping to one file per function: ./schema/packages/phoenixinterface/jurormiddlename_package.sql
[2023-08-04 08:32:33] Parsing function phoenixinterface.jurorcleanname...
[2023-08-04 08:32:33] 	Dumping to one file per function: ./schema/packages/phoenixinterface/jurorcleanname_package.sql
[2023-08-04 08:32:33] Parsing function phoenixinterface.jurorsurname...
[2023-08-04 08:32:33] 	Dumping to one file per function: ./schema/packages/phoenixinterface/jurorsurname_package.sql
[2023-08-04 08:32:33] Parsing function phoenixinterface.checkforcompletedchecks...
[2023-08-04 08:32:33] 	Dumping to one file per function: ./schema/packages/phoenixinterface/checkforcompletedchecks_package.sql
[2023-08-04 08:32:33] Parsing function phoenixinterface.write_error...
[2023-08-04 08:32:33] 	Dumping to one file per function: ./schema/packages/phoenixinterface/write_error_package.sql
[2023-08-04 08:32:33] Looking global declaration in package phoenix_checking...
[2023-08-04 08:32:33] Dumping package phoenix_checking...
[2023-08-04 08:32:33] Creating directory package: ./schema/packages/phoenix_checking
[2023-08-04 08:32:34] Parsing function phoenix_checking.finalise...
[2023-08-04 08:32:34] 	Dumping to one file per function: ./schema/packages/phoenix_checking/finalise_package.sql
[2023-08-04 08:32:34] Parsing function phoenix_checking.write_error...
[2023-08-04 08:32:34] 	Dumping to one file per function: ./schema/packages/phoenix_checking/write_error_package.sql
[2023-08-04 08:32:34] Looking global declaration in package pkg_crypto...
[2023-08-04 08:32:34] Dumping package pkg_crypto...
[2023-08-04 08:32:34] Creating directory package: ./schema/packages/pkg_crypto
[2023-08-04 08:32:34] Parsing function pkg_crypto.get_hash...
[2023-08-04 08:32:34] 	Dumping to one file per function: ./schema/packages/pkg_crypto/get_hash_package.sql
[2023-08-04 08:32:34] Parsing function pkg_crypto.get_hash...
[2023-08-04 08:32:34] 	Dumping to one file per function: ./schema/packages/pkg_crypto/get_hash_package.sql
[2023-08-04 08:32:34] Looking global declaration in package pkg_pwd_rules...
[2023-08-04 08:32:34] Dumping package pkg_pwd_rules...
[2023-08-04 08:32:34] Creating directory package: ./schema/packages/pkg_pwd_rules
[2023-08-04 08:32:34] Parsing function pkg_pwd_rules.password_rules...
[2023-08-04 08:32:34] 	Dumping to one file per function: ./schema/packages/pkg_pwd_rules/password_rules_package.sql
[2023-08-04 08:32:34] Looking global declaration in package PKG_SINGLE_POOL_TRANSFER...
[2023-08-04 08:32:34] Dumping package PKG_SINGLE_POOL_TRANSFER...
[2023-08-04 08:32:35] Creating directory package: ./schema/packages/pkg_single_pool_transfer
[2023-08-04 08:32:35] Parsing function pkg_single_pool_transfer.transfer_pool_details...
[2023-08-04 08:32:35] 	Dumping to one file per function: ./schema/packages/pkg_single_pool_transfer/transfer_pool_details_package.sql
[2023-08-04 08:32:35] Parsing function pkg_single_pool_transfer.transfer_pool...
[2023-08-04 08:32:35] 	Dumping to one file per function: ./schema/packages/pkg_single_pool_transfer/transfer_pool_package.sql
[2023-08-04 08:32:35] Parsing function pkg_single_pool_transfer.transfer_court_unique_pool...
[2023-08-04 08:32:35] 	Dumping to one file per function: ./schema/packages/pkg_single_pool_transfer/transfer_court_unique_pool_package.sql
[2023-08-04 08:32:36] Parsing function pkg_single_pool_transfer.write_error_message...
[2023-08-04 08:32:36] 	Dumping to one file per function: ./schema/packages/pkg_single_pool_transfer/write_error_message_package.sql
[2023-08-04 08:32:36] Looking global declaration in package pool_request_transfer...
[2023-08-04 08:32:36] Dumping package pool_request_transfer...
[2023-08-04 08:32:36] Creating directory package: ./schema/packages/pool_request_transfer
[2023-08-04 08:32:36] Parsing function pool_request_transfer.transfer_pool_request...
[2023-08-04 08:32:36] 	Dumping to one file per function: ./schema/packages/pool_request_transfer/transfer_pool_request_package.sql
[2023-08-04 08:32:36] Parsing function pool_request_transfer.transfer_unique_pool...
[2023-08-04 08:32:36] 	Dumping to one file per function: ./schema/packages/pool_request_transfer/transfer_unique_pool_package.sql
[2023-08-04 08:32:36] Parsing function pool_request_transfer.write_error_message...
[2023-08-04 08:32:36] 	Dumping to one file per function: ./schema/packages/pool_request_transfer/write_error_message_package.sql
[2023-08-04 08:32:36] Looking global declaration in package POOL_TRANSFER...
[2023-08-04 08:32:36] Dumping package POOL_TRANSFER...
[2023-08-04 08:32:36] Creating directory package: ./schema/packages/pool_transfer
[2023-08-04 08:32:36] Parsing function pool_transfer.transfer_pool_details...
[2023-08-04 08:32:36] 	Dumping to one file per function: ./schema/packages/pool_transfer/transfer_pool_details_package.sql
[2023-08-04 08:32:36] Parsing function pool_transfer.get_return_date...
[2023-08-04 08:32:36] 	Dumping to one file per function: ./schema/packages/pool_transfer/get_return_date_package.sql
[2023-08-04 08:32:36] Parsing function pool_transfer.transfer_pool...
[2023-08-04 08:32:37] 	Dumping to one file per function: ./schema/packages/pool_transfer/transfer_pool_package.sql
[2023-08-04 08:32:37] Parsing function pool_transfer.transfer_court_unique_pool...
[2023-08-04 08:32:37] 	Dumping to one file per function: ./schema/packages/pool_transfer/transfer_court_unique_pool_package.sql
[2023-08-04 08:32:37] Parsing function pool_transfer.write_error_message...
[2023-08-04 08:32:37] 	Dumping to one file per function: ./schema/packages/pool_transfer/write_error_message_package.sql
[2023-08-04 08:32:37] Looking global declaration in package printfiles_to_clob...
[2023-08-04 08:32:37] Dumping package printfiles_to_clob...
[2023-08-04 08:32:37] Creating directory package: ./schema/packages/printfiles_to_clob
[2023-08-04 08:32:37] Parsing function printfiles_to_clob.extract...
[2023-08-04 08:32:37] 	Dumping to one file per function: ./schema/packages/printfiles_to_clob/extract_package.sql
[2023-08-04 08:32:37] Parsing function printfiles_to_clob.write_to_clob...
[2023-08-04 08:32:37] 	Dumping to one file per function: ./schema/packages/printfiles_to_clob/write_to_clob_package.sql
[2023-08-04 08:32:37] Looking global declaration in package Reset...
[2023-08-04 08:32:38] Dumping package Reset...
[2023-08-04 08:32:38] Creating directory package: ./schema/packages/reset
[2023-08-04 08:32:38] Parsing function reset.clear_juror_data...
[2023-08-04 08:32:38] 	Dumping to one file per function: ./schema/packages/reset/clear_juror_data_package.sql
[2023-08-04 08:32:38] Parsing function reset.set_summoned_dates...
[2023-08-04 08:32:38] 	Dumping to one file per function: ./schema/packages/reset/set_summoned_dates_package.sql
[2023-08-04 08:32:38] Parsing function reset.refresh_voters...
[2023-08-04 08:32:38] 	Dumping to one file per function: ./schema/packages/reset/refresh_voters_package.sql
Running: ora2pg -p -t VIEW -o view.sql -b ./schema/views -c ./config/ora2pg.conf
[2023-08-04 08:32:39] Ora2Pg version: 24.0
[2023-08-04 08:32:39] Export type: VIEW
[2023-08-04 08:32:39] Geometry export type: INTERNAL
[2023-08-04 08:32:39] ORACLE_HOME = /opt/instant_client_12_2
[2023-08-04 08:32:39] NLS_LANG = AMERICAN_AMERICA.AL32UTF8
[2023-08-04 08:32:39] NLS_NCHAR = AL32UTF8
[2023-08-04 08:32:39] Trying to connect to database: dbi:Oracle:host=172.17.0.4;sid=xe;port=1521
[2023-08-04 08:32:40] Isolation level: SET TRANSACTION ISOLATION LEVEL SERIALIZABLE
[2023-08-04 08:32:40] Force Oracle to compile schema JUROR before code extraction
[2023-08-04 08:32:43] Looking forward functions declaration in schema JUROR.
[2023-08-04 08:32:44] Looking at package AUTO_GENERATE...
[2023-08-04 08:32:44] Looking at package copy_history...
[2023-08-04 08:32:44] Looking at package COURT_PHOENIX...
[2023-08-04 08:32:44] Looking at package get_pool_transfer_return_date...
[2023-08-04 08:32:44] Looking at package phoenix...
[2023-08-04 08:32:44] Looking at package PhoenixInterface...
[2023-08-04 08:32:44] Looking at package phoenix_checking...
[2023-08-04 08:32:44] Looking at package pkg_pwd_rules...
[2023-08-04 08:32:44] Looking at package PKG_SINGLE_POOL_TRANSFER...
[2023-08-04 08:32:44] Looking at package pool_request_transfer...
[2023-08-04 08:32:44] Looking at package POOL_TRANSFER...
[2023-08-04 08:32:44] Looking at package Reset...
[2023-08-04 08:32:44] Retrieving views information...
[2023-08-04 08:32:48] Collecting 1 tables in ALL_OBJECTS took:  4 wallclock secs ( 0.00 usr +  0.00 sys =  0.00 CPU)
[2023-08-04 08:32:53] [1] Scanning LAST_VISIT...
[2023-08-04 08:32:53] Add views definition...
[2023-08-04 08:32:53] 	Adding view LAST_VISIT...
[2023-08-04 08:32:53] Dumping to one file per view : LAST_VISIT_view.sql
Running: ora2pg -p -t GRANT -o grant.sql -b ./schema/grants -c ./config/ora2pg.conf
[2023-08-04 08:32:54] Ora2Pg version: 24.0
[2023-08-04 08:32:54] Export type: GRANT
[2023-08-04 08:32:54] Geometry export type: INTERNAL
[2023-08-04 08:32:54] ORACLE_HOME = /opt/instant_client_12_2
[2023-08-04 08:32:54] NLS_LANG = AMERICAN_AMERICA.AL32UTF8
[2023-08-04 08:32:54] NLS_NCHAR = AL32UTF8
[2023-08-04 08:32:54] Trying to connect to database: dbi:Oracle:host=172.17.0.4;sid=xe;port=1521
[2023-08-04 08:32:54] Isolation level: SET TRANSACTION ISOLATION LEVEL SERIALIZABLE
[2023-08-04 08:32:54] Force Oracle to compile schema JUROR before code extraction
[2023-08-04 08:32:57] Retrieving users/roles/grants information...
[2023-08-04 08:32:57] WARNING: Exporting privilege as non DBA user is not allowed, see USER_GRANT
[2023-08-04 08:32:57] Add users/roles/grants privileges...
Running: ora2pg -p -t TRIGGER -o trigger.sql -b ./schema/triggers -c ./config/ora2pg.conf
[2023-08-04 08:32:59] Ora2Pg version: 24.0
[2023-08-04 08:32:59] Export type: TRIGGER
[2023-08-04 08:32:59] Geometry export type: INTERNAL
[2023-08-04 08:32:59] ORACLE_HOME = /opt/instant_client_12_2
[2023-08-04 08:32:59] NLS_LANG = AMERICAN_AMERICA.AL32UTF8
[2023-08-04 08:32:59] NLS_NCHAR = AL32UTF8
[2023-08-04 08:32:59] Trying to connect to database: dbi:Oracle:host=172.17.0.4;sid=xe;port=1521
[2023-08-04 08:32:59] Isolation level: SET TRANSACTION ISOLATION LEVEL SERIALIZABLE
[2023-08-04 08:32:59] Force Oracle to compile schema JUROR before code extraction
[2023-08-04 08:33:02] Looking forward functions declaration in schema JUROR.
[2023-08-04 08:33:05] Looking at package AUTO_GENERATE...
[2023-08-04 08:33:05] Looking at package copy_history...
[2023-08-04 08:33:05] Looking at package COURT_PHOENIX...
[2023-08-04 08:33:06] Looking at package get_pool_transfer_return_date...
[2023-08-04 08:33:06] Looking at package phoenix...
[2023-08-04 08:33:06] Looking at package PhoenixInterface...
[2023-08-04 08:33:06] Looking at package phoenix_checking...
[2023-08-04 08:33:06] Looking at package pkg_pwd_rules...
[2023-08-04 08:33:06] Looking at package PKG_SINGLE_POOL_TRANSFER...
[2023-08-04 08:33:06] Looking at package pool_request_transfer...
[2023-08-04 08:33:06] Looking at package POOL_TRANSFER...
[2023-08-04 08:33:06] Looking at package Reset...
[2023-08-04 08:33:09] Retrieving triggers information...
[2023-08-04 08:33:13] Add triggers definition...
[2023-08-04 08:33:13] Dumping to one file per trigger : ATTENDANCE_UPDATE_trigger.sql
[2023-08-04 08:33:13] 	Dumping trigger ATTENDANCE_UPDATE defined on table ATTENDANCE...
[2023-08-04 08:33:13] Dumping to one file per trigger : COURT_LOCATION_UPDATE_trigger.sql
[2023-08-04 08:33:13] 	Dumping trigger COURT_LOCATION_UPDATE defined on table COURT_LOCATION...
[2023-08-04 08:33:13] Dumping to one file per trigger : PART_HIST_UPDATE_trigger.sql
[2023-08-04 08:33:13] 	Dumping trigger PART_HIST_UPDATE defined on table PART_HIST...
[2023-08-04 08:33:13] Dumping to one file per trigger : PHOENIX_DOB_ZIP_trigger.sql
[2023-08-04 08:33:13] 	Dumping trigger PHOENIX_DOB_ZIP defined on table POOL...
[2023-08-04 08:33:13] Dumping to one file per trigger : PHOENIX_STATUS_trigger.sql
[2023-08-04 08:33:13] 	Dumping trigger PHOENIX_STATUS defined on table POOL...
[2023-08-04 08:33:13] Dumping to one file per trigger : PHONE_LOG_UPDATE_trigger.sql
[2023-08-04 08:33:13] 	Dumping trigger PHONE_LOG_UPDATE defined on table PHONE_LOG...
[2023-08-04 08:33:13] Dumping to one file per trigger : POOL_UPDATE_trigger.sql
[2023-08-04 08:33:13] 	Dumping trigger POOL_UPDATE defined on table POOL...
[2023-08-04 08:33:13] Dumping to one file per trigger : PRINT_FILES_PART_NO_trigger.sql
[2023-08-04 08:33:13] 	Dumping trigger PRINT_FILES_PART_NO defined on table PRINT_FILES...
[2023-08-04 08:33:13] Dumping to one file per trigger : TRG_SP_INSERTUPDATE_trigger.sql
[2023-08-04 08:33:13] 	Dumping trigger TRG_SP_INSERTUPDATE defined on table SYSTEM_PARAMETER...
[2023-08-04 08:33:13] Dumping to one file per trigger : UNIQUE_POOL_UPDATE_trigger.sql
[2023-08-04 08:33:13] 	Dumping trigger UNIQUE_POOL_UPDATE defined on table UNIQUE_POOL...
[2023-08-04 08:33:13] Dumping to one file per trigger : WELSH_LOCATION_UPDATE_trigger.sql
[2023-08-04 08:33:13] 	Dumping trigger WELSH_LOCATION_UPDATE defined on table WELSH_LOCATION...
Running: ora2pg -p -t FUNCTION -o function.sql -b ./schema/functions -c ./config/ora2pg.conf
[2023-08-04 08:33:15] Ora2Pg version: 24.0
[2023-08-04 08:33:15] Export type: FUNCTION
[2023-08-04 08:33:15] Geometry export type: INTERNAL
[2023-08-04 08:33:15] ORACLE_HOME = /opt/instant_client_12_2
[2023-08-04 08:33:15] NLS_LANG = AMERICAN_AMERICA.AL32UTF8
[2023-08-04 08:33:15] NLS_NCHAR = AL32UTF8
[2023-08-04 08:33:15] Trying to connect to database: dbi:Oracle:host=172.17.0.4;sid=xe;port=1521
[2023-08-04 08:33:15] Isolation level: SET TRANSACTION ISOLATION LEVEL SERIALIZABLE
[2023-08-04 08:33:15] Force Oracle to compile schema JUROR before code extraction
[2023-08-04 08:33:18] Looking forward functions declaration in schema JUROR.
[2023-08-04 08:33:21] Looking at package AUTO_GENERATE...
[2023-08-04 08:33:21] Looking at package copy_history...
[2023-08-04 08:33:21] Looking at package COURT_PHOENIX...
[2023-08-04 08:33:21] Looking at package get_pool_transfer_return_date...
[2023-08-04 08:33:21] Looking at package phoenix...
[2023-08-04 08:33:21] Looking at package PhoenixInterface...
[2023-08-04 08:33:21] Looking at package phoenix_checking...
[2023-08-04 08:33:21] Looking at package pkg_pwd_rules...
[2023-08-04 08:33:21] Looking at package PKG_SINGLE_POOL_TRANSFER...
[2023-08-04 08:33:21] Looking at package pool_request_transfer...
[2023-08-04 08:33:21] Looking at package POOL_TRANSFER...
[2023-08-04 08:33:21] Looking at package Reset...
[2023-08-04 08:33:23] Retrieving functions information...
[2023-08-04 08:33:25] Add functions definition...
[2023-08-04 08:33:25] Dumping function ARAMIS_INVOICE_NUMBER_NEXTVAL...
[2023-08-04 08:33:25] Dumping to one file per function : ARAMIS_INVOICE_NUMBER_NEXTVAL_function.sql
[2023-08-04 08:33:25] Dumping function ARAMIS_UNIQUE_ID_NEXTVAL...
[2023-08-04 08:33:25] Dumping to one file per function : ARAMIS_UNIQUE_ID_NEXTVAL_function.sql
[2023-08-04 08:33:25] Dumping function ATTEND_AUDIT_NUMBER_NEXTVAL...
[2023-08-04 08:33:25] Dumping to one file per function : ATTEND_AUDIT_NUMBER_NEXTVAL_function.sql
[2023-08-04 08:33:25] Dumping function AUDIT_NUMBER_NEXTVAL...
[2023-08-04 08:33:25] Dumping to one file per function : AUDIT_NUMBER_NEXTVAL_function.sql
[2023-08-04 08:33:25] Dumping function BUREAU_ONLY...
[2023-08-04 08:33:25] Dumping to one file per function : BUREAU_ONLY_function.sql
[2023-08-04 08:33:25] Dumping function GET_POOL_COMMENTS...
[2023-08-04 08:33:25] Dumping to one file per function : GET_POOL_COMMENTS_function.sql
[2023-08-04 08:33:26] Dumping function GET_VOTERS...
[2023-08-04 08:33:26] Dumping to one file per function : GET_VOTERS_function.sql
[2023-08-04 08:33:26] Dumping function LOCAL_PART_NO_NEXTVAL...
[2023-08-04 08:33:26] Dumping to one file per function : LOCAL_PART_NO_NEXTVAL_function.sql
[2023-08-04 08:33:26] Dumping function RESTRICT_COURT...
[2023-08-04 08:33:26] Dumping to one file per function : RESTRICT_COURT_function.sql
[2023-08-04 08:33:26] Dumping function RETURN_OWNER...
[2023-08-04 08:33:26] Dumping to one file per function : RETURN_OWNER_function.sql
[2023-08-04 08:33:26] Dumping function SET_UP_VOTERS...
[2023-08-04 08:33:26] Dumping to one file per function : SET_UP_VOTERS_function.sql
[2023-08-04 08:33:26] Translating of 11 functions took:  1 wallclock secs ( 0.60 usr +  0.00 sys =  0.60 CPU)
[2023-08-04 08:33:26] Total time to translate all functions with 1 process:  1 wallclock secs ( 0.60 usr +  0.00 sys =  0.60 CPU)
Running: ora2pg -p -t PROCEDURE -o procedure.sql -b ./schema/procedures -c ./config/ora2pg.conf
[2023-08-04 08:33:27] Ora2Pg version: 24.0
[2023-08-04 08:33:27] Export type: PROCEDURE
[2023-08-04 08:33:27] Geometry export type: INTERNAL
[2023-08-04 08:33:27] ORACLE_HOME = /opt/instant_client_12_2
[2023-08-04 08:33:27] NLS_LANG = AMERICAN_AMERICA.AL32UTF8
[2023-08-04 08:33:27] NLS_NCHAR = AL32UTF8
[2023-08-04 08:33:27] Trying to connect to database: dbi:Oracle:host=172.17.0.4;sid=xe;port=1521
[2023-08-04 08:33:28] Isolation level: SET TRANSACTION ISOLATION LEVEL SERIALIZABLE
[2023-08-04 08:33:28] Force Oracle to compile schema JUROR before code extraction
[2023-08-04 08:33:30] Looking forward functions declaration in schema JUROR.
[2023-08-04 08:33:33] Looking at package AUTO_GENERATE...
[2023-08-04 08:33:33] Looking at package copy_history...
[2023-08-04 08:33:33] Looking at package COURT_PHOENIX...
[2023-08-04 08:33:33] Looking at package get_pool_transfer_return_date...
[2023-08-04 08:33:34] Looking at package phoenix...
[2023-08-04 08:33:34] Looking at package PhoenixInterface...
[2023-08-04 08:33:34] Looking at package phoenix_checking...
[2023-08-04 08:33:34] Looking at package pkg_pwd_rules...
[2023-08-04 08:33:34] Looking at package PKG_SINGLE_POOL_TRANSFER...
[2023-08-04 08:33:34] Looking at package pool_request_transfer...
[2023-08-04 08:33:34] Looking at package POOL_TRANSFER...
[2023-08-04 08:33:34] Looking at package Reset...
[2023-08-04 08:33:35] Retrieving procedures information...
[2023-08-04 08:33:36] Add procedures definition...
[2023-08-04 08:33:36] Dumping function INSERT_VOTERS...
[2023-08-04 08:33:36] Dumping to one file per function : INSERT_VOTERS_procedure.sql
[2023-08-04 08:33:36] Dumping function SET_SESSION_CONTEXT...
[2023-08-04 08:33:36] Dumping to one file per function : SET_SESSION_CONTEXT_procedure.sql
[2023-08-04 08:33:36] Translating of 2 functions took:  0 wallclock secs ( 0.09 usr +  0.01 sys =  0.10 CPU)
[2023-08-04 08:33:36] Total time to translate all functions with 1 process:  0 wallclock secs ( 0.09 usr +  0.01 sys =  0.10 CPU)
Running: ora2pg -p -t TABLESPACE -o tablespace.sql -b ./schema/tablespaces -c ./config/ora2pg.conf
[2023-08-04 08:33:38] Ora2Pg version: 24.0
[2023-08-04 08:33:38] Export type: TABLESPACE
[2023-08-04 08:33:38] Geometry export type: INTERNAL
[2023-08-04 08:33:38] ORACLE_HOME = /opt/instant_client_12_2
[2023-08-04 08:33:38] NLS_LANG = AMERICAN_AMERICA.AL32UTF8
[2023-08-04 08:33:38] NLS_NCHAR = AL32UTF8
[2023-08-04 08:33:38] Trying to connect to database: dbi:Oracle:host=172.17.0.4;sid=xe;port=1521
[2023-08-04 08:33:38] Isolation level: SET TRANSACTION ISOLATION LEVEL SERIALIZABLE
[2023-08-04 08:33:38] Force Oracle to compile schema JUROR before code extraction
[2023-08-04 08:33:56] Retrieving tablespaces information...
[2023-08-04 08:33:56] WARNING: Exporting tablespace as non DBA user is not allowed, see USER_GRANT
[2023-08-04 08:33:56] Add tablespaces definition...
Running: ora2pg -p -t PARTITION -o partition.sql -b ./schema/partitions -c ./config/ora2pg.conf
[2023-08-04 08:33:58] Ora2Pg version: 24.0
[2023-08-04 08:33:58] Export type: PARTITION
[2023-08-04 08:33:58] Geometry export type: INTERNAL
[2023-08-04 08:33:58] ORACLE_HOME = /opt/instant_client_12_2
[2023-08-04 08:33:58] NLS_LANG = AMERICAN_AMERICA.AL32UTF8
[2023-08-04 08:33:58] NLS_NCHAR = AL32UTF8
[2023-08-04 08:33:58] Trying to connect to database: dbi:Oracle:host=172.17.0.4;sid=xe;port=1521
[2023-08-04 08:33:58] Isolation level: SET TRANSACTION ISOLATION LEVEL SERIALIZABLE
[2023-08-04 08:33:58] Force Oracle to compile schema JUROR before code extraction
[2023-08-04 08:34:01] Looking forward functions declaration in schema JUROR.
[2023-08-04 08:34:04] Looking at package AUTO_GENERATE...
[2023-08-04 08:34:04] Looking at package copy_history...
[2023-08-04 08:34:04] Looking at package COURT_PHOENIX...
[2023-08-04 08:34:04] Looking at package get_pool_transfer_return_date...
[2023-08-04 08:34:04] Looking at package phoenix...
[2023-08-04 08:34:04] Looking at package PhoenixInterface...
[2023-08-04 08:34:04] Looking at package phoenix_checking...
[2023-08-04 08:34:04] Looking at package pkg_pwd_rules...
[2023-08-04 08:34:04] Looking at package PKG_SINGLE_POOL_TRANSFER...
[2023-08-04 08:34:04] Looking at package pool_request_transfer...
[2023-08-04 08:34:04] Looking at package POOL_TRANSFER...
[2023-08-04 08:34:04] Looking at package Reset...
[2023-08-04 08:34:04] Retrieving partitions information...
[2023-08-04 08:35:10] Collecting 361 indexes in ALL_INDEXES took: 59 wallclock secs ( 0.06 usr +  0.00 sys =  0.06 CPU)
[2023-08-04 08:36:14] Add partitions definition...
Running: ora2pg -p -t TYPE -o type.sql -b ./schema/types -c ./config/ora2pg.conf
[2023-08-04 08:36:16] Ora2Pg version: 24.0
[2023-08-04 08:36:16] Export type: TYPE
[2023-08-04 08:36:16] Geometry export type: INTERNAL
[2023-08-04 08:36:16] ORACLE_HOME = /opt/instant_client_12_2
[2023-08-04 08:36:16] NLS_LANG = AMERICAN_AMERICA.AL32UTF8
[2023-08-04 08:36:16] NLS_NCHAR = AL32UTF8
[2023-08-04 08:36:16] Trying to connect to database: dbi:Oracle:host=172.17.0.4;sid=xe;port=1521
[2023-08-04 08:36:16] Isolation level: SET TRANSACTION ISOLATION LEVEL SERIALIZABLE
[2023-08-04 08:36:16] Force Oracle to compile schema JUROR before code extraction
[2023-08-04 08:36:19] Looking forward functions declaration in schema JUROR.
[2023-08-04 08:36:22] Looking at package AUTO_GENERATE...
[2023-08-04 08:36:22] Looking at package copy_history...
[2023-08-04 08:36:22] Looking at package COURT_PHOENIX...
[2023-08-04 08:36:22] Looking at package get_pool_transfer_return_date...
[2023-08-04 08:36:22] Looking at package phoenix...
[2023-08-04 08:36:22] Looking at package PhoenixInterface...
[2023-08-04 08:36:22] Looking at package phoenix_checking...
[2023-08-04 08:36:22] Looking at package pkg_pwd_rules...
[2023-08-04 08:36:22] Looking at package PKG_SINGLE_POOL_TRANSFER...
[2023-08-04 08:36:22] Looking at package pool_request_transfer...
[2023-08-04 08:36:22] Looking at package POOL_TRANSFER...
[2023-08-04 08:36:22] Looking at package Reset...
[2023-08-04 08:36:22] Retrieving user defined types information...
[2023-08-04 08:36:22] ORACLE_HOME = /opt/instant_client_12_2
[2023-08-04 08:36:22] NLS_LANG = AMERICAN_AMERICA.AL32UTF8
[2023-08-04 08:36:22] NLS_NCHAR = AL32UTF8
[2023-08-04 08:36:22] Trying to connect to database: dbi:Oracle:host=172.17.0.4;sid=xe;port=1521
[2023-08-04 08:36:22] Isolation level: SET TRANSACTION ISOLATION LEVEL SERIALIZABLE
[2023-08-04 08:36:24] 	Found Type: VOTERSROWIDTYPE
[2023-08-04 08:36:24] 	Found Type: VOTERSROWIDTABLE
[2023-08-04 08:36:24] Add custom types definition...
[2023-08-04 08:36:24] Dumping type VOTERSROWIDTYPE...
[2023-08-04 08:36:24] Dumping type VOTERSROWIDTABLE...
Running: ora2pg -p -t MVIEW -o mview.sql -b ./schema/mviews -c ./config/ora2pg.conf
[2023-08-04 08:36:25] Ora2Pg version: 24.0
[2023-08-04 08:36:25] Export type: MVIEW
[2023-08-04 08:36:25] Geometry export type: INTERNAL
[2023-08-04 08:36:25] ORACLE_HOME = /opt/instant_client_12_2
[2023-08-04 08:36:25] NLS_LANG = AMERICAN_AMERICA.AL32UTF8
[2023-08-04 08:36:25] NLS_NCHAR = AL32UTF8
[2023-08-04 08:36:25] Trying to connect to database: dbi:Oracle:host=172.17.0.4;sid=xe;port=1521
[2023-08-04 08:36:25] Isolation level: SET TRANSACTION ISOLATION LEVEL SERIALIZABLE
[2023-08-04 08:36:25] Force Oracle to compile schema JUROR before code extraction
[2023-08-04 08:36:28] Looking forward functions declaration in schema JUROR.
[2023-08-04 08:36:31] Looking at package AUTO_GENERATE...
[2023-08-04 08:36:31] Looking at package copy_history...
[2023-08-04 08:36:31] Looking at package COURT_PHOENIX...
[2023-08-04 08:36:31] Looking at package get_pool_transfer_return_date...
[2023-08-04 08:36:31] Looking at package phoenix...
[2023-08-04 08:36:31] Looking at package PhoenixInterface...
[2023-08-04 08:36:31] Looking at package phoenix_checking...
[2023-08-04 08:36:31] Looking at package pkg_pwd_rules...
[2023-08-04 08:36:31] Looking at package PKG_SINGLE_POOL_TRANSFER...
[2023-08-04 08:36:32] Looking at package pool_request_transfer...
[2023-08-04 08:36:32] Looking at package POOL_TRANSFER...
[2023-08-04 08:36:32] Looking at package Reset...
[2023-08-04 08:36:32] Retrieving materialized views information...
[2023-08-04 08:36:32] Add materialized views definition...
Running: ora2pg -p -t DBLINK -o dblink.sql -b ./schema/dblinks -c ./config/ora2pg.conf
[2023-08-04 08:36:33] Ora2Pg version: 24.0
[2023-08-04 08:36:33] Export type: DBLINK
[2023-08-04 08:36:33] Geometry export type: INTERNAL
[2023-08-04 08:36:33] ORACLE_HOME = /opt/instant_client_12_2
[2023-08-04 08:36:33] NLS_LANG = AMERICAN_AMERICA.AL32UTF8
[2023-08-04 08:36:33] NLS_NCHAR = AL32UTF8
[2023-08-04 08:36:33] Trying to connect to database: dbi:Oracle:host=172.17.0.4;sid=xe;port=1521
[2023-08-04 08:36:34] Isolation level: SET TRANSACTION ISOLATION LEVEL SERIALIZABLE
[2023-08-04 08:36:34] Force Oracle to compile schema JUROR before code extraction
[2023-08-04 08:36:37] Retrieving dblinks information...
[2023-08-04 08:36:37] Add dblink definition...
Running: ora2pg -p -t SYNONYM -o synonym.sql -b ./schema/synonyms -c ./config/ora2pg.conf
[2023-08-04 08:36:38] Ora2Pg version: 24.0
[2023-08-04 08:36:38] Export type: SYNONYM
[2023-08-04 08:36:38] Geometry export type: INTERNAL
[2023-08-04 08:36:38] ORACLE_HOME = /opt/instant_client_12_2
[2023-08-04 08:36:38] NLS_LANG = AMERICAN_AMERICA.AL32UTF8
[2023-08-04 08:36:38] NLS_NCHAR = AL32UTF8
[2023-08-04 08:36:38] Trying to connect to database: dbi:Oracle:host=172.17.0.4;sid=xe;port=1521
[2023-08-04 08:36:38] Isolation level: SET TRANSACTION ISOLATION LEVEL SERIALIZABLE
[2023-08-04 08:36:38] Force Oracle to compile schema JUROR before code extraction
[2023-08-04 08:36:41] Retrieving synonyms information...
[2023-08-04 08:36:43] Add synonyms definition...
Running: ora2pg -p -t DIRECTORY -o directorie.sql -b ./schema/directories -c ./config/ora2pg.conf
[2023-08-04 08:36:44] Ora2Pg version: 24.0
[2023-08-04 08:36:44] Export type: DIRECTORY
[2023-08-04 08:36:44] Geometry export type: INTERNAL
[2023-08-04 08:36:44] ORACLE_HOME = /opt/instant_client_12_2
[2023-08-04 08:36:44] NLS_LANG = AMERICAN_AMERICA.AL32UTF8
[2023-08-04 08:36:44] NLS_NCHAR = AL32UTF8
[2023-08-04 08:36:44] Trying to connect to database: dbi:Oracle:host=172.17.0.4;sid=xe;port=1521
[2023-08-04 08:36:44] Isolation level: SET TRANSACTION ISOLATION LEVEL SERIALIZABLE
[2023-08-04 08:36:44] Force Oracle to compile schema JUROR before code extraction
[2023-08-04 08:36:47] Retrieving directories information...
[2023-08-04 08:37:15] Add directory definition...
Running: ora2pg -t PACKAGE -o package.sql -b ./sources/packages -c ./config/ora2pg.conf
[2023-08-04 08:37:16] Ora2Pg version: 24.0
[2023-08-04 08:37:16] Export type: PACKAGE
[2023-08-04 08:37:16] Geometry export type: INTERNAL
[2023-08-04 08:37:16] ORACLE_HOME = /opt/instant_client_12_2
[2023-08-04 08:37:16] NLS_LANG = AMERICAN_AMERICA.AL32UTF8
[2023-08-04 08:37:16] NLS_NCHAR = AL32UTF8
[2023-08-04 08:37:16] Trying to connect to database: dbi:Oracle:host=172.17.0.4;sid=xe;port=1521
[2023-08-04 08:37:16] Isolation level: SET TRANSACTION ISOLATION LEVEL SERIALIZABLE
[2023-08-04 08:37:16] Force Oracle to compile schema JUROR before code extraction
[2023-08-04 08:37:22] Retrieving packages information...
[2023-08-04 08:37:23] 	Found Package: AUTO_GENERATE
[2023-08-04 08:37:23] 	Found Package: PKG_SINGLE_POOL_TRANSFER
[2023-08-04 08:37:23] 	Found Package: POOL_REQUEST_TRANSFER
[2023-08-04 08:37:23] 	Found Package: GET_POOL_TRANSFER_RETURN_DATE
[2023-08-04 08:37:23] 	Found Package: PAYMENT_FILES_TO_CLOB
[2023-08-04 08:37:23] 	Found Package: PRINTFILES_TO_CLOB
[2023-08-04 08:37:23] 	Found Package: COURT_PHOENIX
[2023-08-04 08:37:23] 	Found Package: PHOENIXINTERFACE
[2023-08-04 08:37:23] 	Found Package: COPY_HISTORY
[2023-08-04 08:37:23] 	Found Package: PHOENIX
[2023-08-04 08:37:23] 	Found Package: PKG_PWD_RULES
[2023-08-04 08:37:23] 	Found Package: PKG_CRYPTO
[2023-08-04 08:37:23] 	Found Package: PHOENIX_CHECKING
[2023-08-04 08:37:23] 	Found Package: POOL_TRANSFER
[2023-08-04 08:37:23] 	Found Package: RESET
[2023-08-04 08:37:23] Add packages definition...
[2023-08-04 08:37:23] Dumping package AUTO_GENERATE...
[2023-08-04 08:37:23] Dumping package COPY_HISTORY...
[2023-08-04 08:37:23] Dumping package COURT_PHOENIX...
[2023-08-04 08:37:23] Dumping package GET_POOL_TRANSFER_RETURN_DATE...
[2023-08-04 08:37:23] Dumping package PAYMENT_FILES_TO_CLOB...
[2023-08-04 08:37:23] Dumping package PHOENIX...
[2023-08-04 08:37:23] Dumping package PHOENIXINTERFACE...
[2023-08-04 08:37:23] Dumping package PHOENIX_CHECKING...
[2023-08-04 08:37:23] Dumping package PKG_CRYPTO...
[2023-08-04 08:37:23] Dumping package PKG_PWD_RULES...
[2023-08-04 08:37:23] Dumping package PKG_SINGLE_POOL_TRANSFER...
[2023-08-04 08:37:23] Dumping package POOL_REQUEST_TRANSFER...
[2023-08-04 08:37:23] Dumping package POOL_TRANSFER...
[2023-08-04 08:37:23] Dumping package PRINTFILES_TO_CLOB...
[2023-08-04 08:37:23] Dumping package RESET...
Running: ora2pg -t VIEW -o view.sql -b ./sources/views -c ./config/ora2pg.conf
[2023-08-04 08:37:25] Ora2Pg version: 24.0
[2023-08-04 08:37:25] Export type: VIEW
[2023-08-04 08:37:25] Geometry export type: INTERNAL
[2023-08-04 08:37:25] ORACLE_HOME = /opt/instant_client_12_2
[2023-08-04 08:37:25] NLS_LANG = AMERICAN_AMERICA.AL32UTF8
[2023-08-04 08:37:25] NLS_NCHAR = AL32UTF8
[2023-08-04 08:37:25] Trying to connect to database: dbi:Oracle:host=172.17.0.4;sid=xe;port=1521
[2023-08-04 08:37:25] Isolation level: SET TRANSACTION ISOLATION LEVEL SERIALIZABLE
[2023-08-04 08:37:25] Force Oracle to compile schema JUROR before code extraction
[2023-08-04 08:37:28] Retrieving views information...
[2023-08-04 08:37:31] Collecting 1 tables in ALL_OBJECTS took:  3 wallclock secs ( 0.01 usr +  0.00 sys =  0.01 CPU)
[2023-08-04 08:37:36] [1] Scanning LAST_VISIT...
[2023-08-04 08:37:36] Add views definition...
[2023-08-04 08:37:36] 	Adding view LAST_VISIT...
[2023-08-04 08:37:36] Dumping to one file per view : LAST_VISIT_view.sql
Running: ora2pg -t TRIGGER -o trigger.sql -b ./sources/triggers -c ./config/ora2pg.conf
[2023-08-04 08:37:37] Ora2Pg version: 24.0
[2023-08-04 08:37:37] Export type: TRIGGER
[2023-08-04 08:37:37] Geometry export type: INTERNAL
[2023-08-04 08:37:37] ORACLE_HOME = /opt/instant_client_12_2
[2023-08-04 08:37:37] NLS_LANG = AMERICAN_AMERICA.AL32UTF8
[2023-08-04 08:37:37] NLS_NCHAR = AL32UTF8
[2023-08-04 08:37:37] Trying to connect to database: dbi:Oracle:host=172.17.0.4;sid=xe;port=1521
[2023-08-04 08:37:38] Isolation level: SET TRANSACTION ISOLATION LEVEL SERIALIZABLE
[2023-08-04 08:37:38] Force Oracle to compile schema JUROR before code extraction
[2023-08-04 08:37:43] Retrieving triggers information...
[2023-08-04 08:37:45] Add triggers definition...
[2023-08-04 08:37:45] Dumping to one file per trigger : ATTENDANCE_UPDATE_trigger.sql
[2023-08-04 08:37:45] 	Dumping trigger ATTENDANCE_UPDATE defined on table ATTENDANCE...
[2023-08-04 08:37:45] Dumping to one file per trigger : COURT_LOCATION_UPDATE_trigger.sql
[2023-08-04 08:37:45] 	Dumping trigger COURT_LOCATION_UPDATE defined on table COURT_LOCATION...
[2023-08-04 08:37:45] Dumping to one file per trigger : PART_HIST_UPDATE_trigger.sql
[2023-08-04 08:37:45] 	Dumping trigger PART_HIST_UPDATE defined on table PART_HIST...
[2023-08-04 08:37:45] Dumping to one file per trigger : PHOENIX_DOB_ZIP_trigger.sql
[2023-08-04 08:37:45] 	Dumping trigger PHOENIX_DOB_ZIP defined on table POOL...
[2023-08-04 08:37:45] Dumping to one file per trigger : PHOENIX_STATUS_trigger.sql
[2023-08-04 08:37:45] 	Dumping trigger PHOENIX_STATUS defined on table POOL...
[2023-08-04 08:37:45] Dumping to one file per trigger : PHONE_LOG_UPDATE_trigger.sql
[2023-08-04 08:37:45] 	Dumping trigger PHONE_LOG_UPDATE defined on table PHONE_LOG...
[2023-08-04 08:37:45] Dumping to one file per trigger : POOL_UPDATE_trigger.sql
[2023-08-04 08:37:45] 	Dumping trigger POOL_UPDATE defined on table POOL...
[2023-08-04 08:37:45] Dumping to one file per trigger : PRINT_FILES_PART_NO_trigger.sql
[2023-08-04 08:37:45] 	Dumping trigger PRINT_FILES_PART_NO defined on table PRINT_FILES...
[2023-08-04 08:37:45] Dumping to one file per trigger : TRG_SP_INSERTUPDATE_trigger.sql
[2023-08-04 08:37:45] 	Dumping trigger TRG_SP_INSERTUPDATE defined on table SYSTEM_PARAMETER...
[2023-08-04 08:37:45] Dumping to one file per trigger : UNIQUE_POOL_UPDATE_trigger.sql
[2023-08-04 08:37:45] 	Dumping trigger UNIQUE_POOL_UPDATE defined on table UNIQUE_POOL...
[2023-08-04 08:37:45] Dumping to one file per trigger : WELSH_LOCATION_UPDATE_trigger.sql
[2023-08-04 08:37:45] 	Dumping trigger WELSH_LOCATION_UPDATE defined on table WELSH_LOCATION...
Running: ora2pg -t FUNCTION -o function.sql -b ./sources/functions -c ./config/ora2pg.conf
[2023-08-04 08:37:46] Ora2Pg version: 24.0
[2023-08-04 08:37:46] Export type: FUNCTION
[2023-08-04 08:37:46] Geometry export type: INTERNAL
[2023-08-04 08:37:46] ORACLE_HOME = /opt/instant_client_12_2
[2023-08-04 08:37:46] NLS_LANG = AMERICAN_AMERICA.AL32UTF8
[2023-08-04 08:37:46] NLS_NCHAR = AL32UTF8
[2023-08-04 08:37:46] Trying to connect to database: dbi:Oracle:host=172.17.0.4;sid=xe;port=1521
[2023-08-04 08:37:46] Isolation level: SET TRANSACTION ISOLATION LEVEL SERIALIZABLE
[2023-08-04 08:37:46] Force Oracle to compile schema JUROR before code extraction
[2023-08-04 08:37:50] Retrieving functions information...
[2023-08-04 08:37:52] Add functions definition...
[2023-08-04 08:37:52] Dumping function ARAMIS_INVOICE_NUMBER_NEXTVAL...
[2023-08-04 08:37:52] Dumping to one file per function : ARAMIS_INVOICE_NUMBER_NEXTVAL_function.sql
[2023-08-04 08:37:52] Dumping function ARAMIS_UNIQUE_ID_NEXTVAL...
[2023-08-04 08:37:52] Dumping to one file per function : ARAMIS_UNIQUE_ID_NEXTVAL_function.sql
[2023-08-04 08:37:52] Dumping function ATTEND_AUDIT_NUMBER_NEXTVAL...
[2023-08-04 08:37:52] Dumping to one file per function : ATTEND_AUDIT_NUMBER_NEXTVAL_function.sql
[2023-08-04 08:37:52] Dumping function AUDIT_NUMBER_NEXTVAL...
[2023-08-04 08:37:52] Dumping to one file per function : AUDIT_NUMBER_NEXTVAL_function.sql
[2023-08-04 08:37:52] Dumping function BUREAU_ONLY...
[2023-08-04 08:37:52] Dumping to one file per function : BUREAU_ONLY_function.sql
[2023-08-04 08:37:52] Dumping function GET_POOL_COMMENTS...
[2023-08-04 08:37:52] Dumping to one file per function : GET_POOL_COMMENTS_function.sql
[2023-08-04 08:37:52] Dumping function GET_VOTERS...
[2023-08-04 08:37:52] Dumping to one file per function : GET_VOTERS_function.sql
[2023-08-04 08:37:52] Dumping function LOCAL_PART_NO_NEXTVAL...
[2023-08-04 08:37:52] Dumping to one file per function : LOCAL_PART_NO_NEXTVAL_function.sql
[2023-08-04 08:37:52] Dumping function RESTRICT_COURT...
[2023-08-04 08:37:52] Dumping to one file per function : RESTRICT_COURT_function.sql
[2023-08-04 08:37:52] Dumping function RETURN_OWNER...
[2023-08-04 08:37:52] Dumping to one file per function : RETURN_OWNER_function.sql
[2023-08-04 08:37:52] Dumping function SET_UP_VOTERS...
[2023-08-04 08:37:53] Dumping to one file per function : SET_UP_VOTERS_function.sql
[2023-08-04 08:37:53] Translating of 11 functions took:  1 wallclock secs ( 0.08 usr +  0.01 sys =  0.09 CPU)
[2023-08-04 08:37:53] Total time to translate all functions with 1 process:  1 wallclock secs ( 0.08 usr +  0.01 sys =  0.09 CPU)
Running: ora2pg -t PROCEDURE -o procedure.sql -b ./sources/procedures -c ./config/ora2pg.conf
[2023-08-04 08:37:54] Ora2Pg version: 24.0
[2023-08-04 08:37:54] Export type: PROCEDURE
[2023-08-04 08:37:54] Geometry export type: INTERNAL
[2023-08-04 08:37:54] ORACLE_HOME = /opt/instant_client_12_2
[2023-08-04 08:37:54] NLS_LANG = AMERICAN_AMERICA.AL32UTF8
[2023-08-04 08:37:54] NLS_NCHAR = AL32UTF8
[2023-08-04 08:37:54] Trying to connect to database: dbi:Oracle:host=172.17.0.4;sid=xe;port=1521
[2023-08-04 08:37:54] Isolation level: SET TRANSACTION ISOLATION LEVEL SERIALIZABLE
[2023-08-04 08:37:54] Force Oracle to compile schema JUROR before code extraction
[2023-08-04 08:37:58] Retrieving procedures information...
[2023-08-04 08:37:59] Add procedures definition...
[2023-08-04 08:37:59] Dumping function INSERT_VOTERS...
[2023-08-04 08:37:59] Dumping to one file per function : INSERT_VOTERS_procedure.sql
[2023-08-04 08:37:59] Dumping function SET_SESSION_CONTEXT...
[2023-08-04 08:37:59] Dumping to one file per function : SET_SESSION_CONTEXT_procedure.sql
[2023-08-04 08:37:59] Translating of 2 functions took:  0 wallclock secs ( 0.01 usr +  0.00 sys =  0.01 CPU)
[2023-08-04 08:37:59] Total time to translate all functions with 1 process:  0 wallclock secs ( 0.01 usr +  0.00 sys =  0.01 CPU)
Running: ora2pg -t PARTITION -o partition.sql -b ./sources/partitions -c ./config/ora2pg.conf
[2023-08-04 08:38:00] Ora2Pg version: 24.0
[2023-08-04 08:38:00] Export type: PARTITION
[2023-08-04 08:38:00] Geometry export type: INTERNAL
[2023-08-04 08:38:00] ORACLE_HOME = /opt/instant_client_12_2
[2023-08-04 08:38:00] NLS_LANG = AMERICAN_AMERICA.AL32UTF8
[2023-08-04 08:38:00] NLS_NCHAR = AL32UTF8
[2023-08-04 08:38:00] Trying to connect to database: dbi:Oracle:host=172.17.0.4;sid=xe;port=1521
[2023-08-04 08:38:00] Isolation level: SET TRANSACTION ISOLATION LEVEL SERIALIZABLE
[2023-08-04 08:38:00] Force Oracle to compile schema JUROR before code extraction
[2023-08-04 08:38:03] Retrieving partitions information...
[2023-08-04 08:39:03] Collecting 361 indexes in ALL_INDEXES took: 57 wallclock secs ( 0.06 usr +  0.00 sys =  0.06 CPU)
[2023-08-04 08:40:05] Add partitions definition...
Running: ora2pg -t TYPE -o type.sql -b ./sources/types -c ./config/ora2pg.conf
[2023-08-04 08:40:06] Ora2Pg version: 24.0
[2023-08-04 08:40:06] Export type: TYPE
[2023-08-04 08:40:06] Geometry export type: INTERNAL
[2023-08-04 08:40:06] ORACLE_HOME = /opt/instant_client_12_2
[2023-08-04 08:40:06] NLS_LANG = AMERICAN_AMERICA.AL32UTF8
[2023-08-04 08:40:06] NLS_NCHAR = AL32UTF8
[2023-08-04 08:40:06] Trying to connect to database: dbi:Oracle:host=172.17.0.4;sid=xe;port=1521
[2023-08-04 08:40:06] Isolation level: SET TRANSACTION ISOLATION LEVEL SERIALIZABLE
[2023-08-04 08:40:06] Force Oracle to compile schema JUROR before code extraction
[2023-08-04 08:40:10] Retrieving user defined types information...
[2023-08-04 08:40:10] ORACLE_HOME = /opt/instant_client_12_2
[2023-08-04 08:40:10] NLS_LANG = AMERICAN_AMERICA.AL32UTF8
[2023-08-04 08:40:10] NLS_NCHAR = AL32UTF8
[2023-08-04 08:40:10] Trying to connect to database: dbi:Oracle:host=172.17.0.4;sid=xe;port=1521
[2023-08-04 08:40:10] Isolation level: SET TRANSACTION ISOLATION LEVEL SERIALIZABLE
[2023-08-04 08:40:11] 	Found Type: VOTERSROWIDTYPE
[2023-08-04 08:40:11] 	Found Type: VOTERSROWIDTABLE
[2023-08-04 08:40:11] Add custom types definition...
[2023-08-04 08:40:11] Dumping type VOTERSROWIDTYPE...
[2023-08-04 08:40:11] Dumping type VOTERSROWIDTABLE...
Running: ora2pg -t MVIEW -o mview.sql -b ./sources/mviews -c ./config/ora2pg.conf
[2023-08-04 08:40:12] Ora2Pg version: 24.0
[2023-08-04 08:40:12] Export type: MVIEW
[2023-08-04 08:40:12] Geometry export type: INTERNAL
[2023-08-04 08:40:12] ORACLE_HOME = /opt/instant_client_12_2
[2023-08-04 08:40:12] NLS_LANG = AMERICAN_AMERICA.AL32UTF8
[2023-08-04 08:40:12] NLS_NCHAR = AL32UTF8
[2023-08-04 08:40:12] Trying to connect to database: dbi:Oracle:host=172.17.0.4;sid=xe;port=1521
[2023-08-04 08:40:13] Isolation level: SET TRANSACTION ISOLATION LEVEL SERIALIZABLE
[2023-08-04 08:40:13] Force Oracle to compile schema JUROR before code extraction
[2023-08-04 08:40:16] Retrieving materialized views information...
[2023-08-04 08:40:16] Add materialized views definition...


To extract data use the following command:

ora2pg -t COPY -o data.sql -b ./data -c ./config/ora2pg.conf

